Using pre-set license
Built from '2020.3/staging' branch; Version is '2020.3.22f1 (e1a7f79fd887) revision 14788599'; Using compiler version '192528614'; Build Type 'Release'
OS: 'Windows 10 Home; OS build 19044.1766; Version 2009; 64bit' Language: 'ru' Physical Memory: 8151 MB
BatchMode: 1, IsHumanControllingUs: 0, StartBugReporterOnCrash: 0, Is64bit: 1, IsPro: 0

COMMAND LINE ARGUMENTS:
C:\Program Files\Unity\Hub\Editor\2020.3.22f1\Editor\Unity.exe
-adb2
-batchMode
-noUpm
-name
AssetImportWorker0
-projectPath
E:/game/Empire portal
-logFile
Logs/AssetImportWorker0.log
-srvPort
57405
Successfully changed project path to: E:/game/Empire portal
E:/game/Empire portal
Using Asset Import Pipeline V2.
Refreshing native plugins compatible for Editor in 55.54 ms, found 2 plugins.
Preloading 0 native plugins for Editor in 0.00 ms.
Initialize engine version: 2020.3.22f1 (e1a7f79fd887)
[Subsystems] Discovering subsystems at path C:/Program Files/Unity/Hub/Editor/2020.3.22f1/Editor/Data/Resources/UnitySubsystems
[Subsystems] Discovering subsystems at path E:/game/Empire portal/Assets
GfxDevice: creating device client; threaded=0
Direct3D:
    Version:  Direct3D 11.0 [level 11.0]
    Renderer: NVIDIA GeForce GTX 750 Ti (ID=0x1380)
    Vendor:   
    VRAM:     2007 MB
    Driver:   30.0.15.1259
Initialize mono
Mono path[0] = 'C:/Program Files/Unity/Hub/Editor/2020.3.22f1/Editor/Data/Managed'
Mono path[1] = 'C:/Program Files/Unity/Hub/Editor/2020.3.22f1/Editor/Data/MonoBleedingEdge/lib/mono/unityjit'
Mono config path = 'C:/Program Files/Unity/Hub/Editor/2020.3.22f1/Editor/Data/MonoBleedingEdge/etc'
Using monoOptions --debugger-agent=transport=dt_socket,embedding=1,server=y,suspend=n,address=127.0.0.1:56292
Begin MonoManager ReloadAssembly
Registering precompiled unity dll's ...
Register platform support module: C:/Program Files/Unity/Hub/Editor/2020.3.22f1/Editor/Data/PlaybackEngines/WindowsStandaloneSupport/UnityEditor.WindowsStandalone.Extensions.dll
Registered in 0.014222 seconds.
Native extension for WindowsStandalone target not found
Refreshing native plugins compatible for Editor in 54.44 ms, found 2 plugins.
Preloading 0 native plugins for Editor in 0.00 ms.
Mono: successfully reloaded assembly
- Completed reload, in  4.295 seconds
Domain Reload Profiling:
	ReloadAssembly (4295ms)
		BeginReloadAssembly (191ms)
			ExecutionOrderSort (0ms)
			DisableScriptedObjects (0ms)
			BackupInstance (0ms)
			ReleaseScriptingObjects (0ms)
			CreateAndSetChildDomain (1ms)
		EndReloadAssembly (773ms)
			LoadAssemblies (177ms)
			RebuildTransferFunctionScriptingTraits (0ms)
			SetupTypeCache (259ms)
			ReleaseScriptCaches (0ms)
			RebuildScriptCaches (51ms)
			SetupLoadedEditorAssemblies (257ms)
				LogAssemblyErrors (0ms)
				InitializePlatformSupportModulesInManaged (7ms)
				SetLoadedEditorAssemblies (0ms)
				RefreshPlugins (55ms)
				BeforeProcessingInitializeOnLoad (21ms)
				ProcessInitializeOnLoadAttributes (129ms)
				ProcessInitializeOnLoadMethodAttributes (45ms)
				AfterProcessingInitializeOnLoad (0ms)
				EditorAssembliesLoaded (0ms)
			ExecutionOrderSort2 (0ms)
			AwakeInstancesAfterBackupRestoration (0ms)
Platform modules already initialized, skipping
Registering precompiled user dll's ...
Registered in 0.006930 seconds.
Begin MonoManager ReloadAssembly
Native extension for WindowsStandalone target not found
Refreshing native plugins compatible for Editor in 0.54 ms, found 2 plugins.
Preloading 0 native plugins for Editor in 0.00 ms.
Mono: successfully reloaded assembly
- Completed reload, in  2.021 seconds
Domain Reload Profiling:
	ReloadAssembly (2022ms)
		BeginReloadAssembly (335ms)
			ExecutionOrderSort (0ms)
			DisableScriptedObjects (8ms)
			BackupInstance (0ms)
			ReleaseScriptingObjects (0ms)
			CreateAndSetChildDomain (24ms)
		EndReloadAssembly (1534ms)
			LoadAssemblies (257ms)
			RebuildTransferFunctionScriptingTraits (0ms)
			SetupTypeCache (517ms)
			ReleaseScriptCaches (1ms)
			RebuildScriptCaches (76ms)
			SetupLoadedEditorAssemblies (595ms)
				LogAssemblyErrors (0ms)
				InitializePlatformSupportModulesInManaged (9ms)
				SetLoadedEditorAssemblies (1ms)
				RefreshPlugins (1ms)
				BeforeProcessingInitializeOnLoad (165ms)
				ProcessInitializeOnLoadAttributes (349ms)
				ProcessInitializeOnLoadMethodAttributes (17ms)
				AfterProcessingInitializeOnLoad (53ms)
				EditorAssembliesLoaded (0ms)
			ExecutionOrderSort2 (0ms)
			AwakeInstancesAfterBackupRestoration (11ms)
Platform modules already initialized, skipping
========================================================================
Worker process is ready to serve import requests
Launched and connected shader compiler UnityShaderCompiler.exe after 0.06 seconds
Refreshing native plugins compatible for Editor in 0.52 ms, found 2 plugins.
Preloading 0 native plugins for Editor in 0.00 ms.
Unloading 1521 Unused Serialized files (Serialized files now loaded: 0)
System memory in use before: 69.5 MB.
System memory in use after: 69.6 MB.

Unloading 19 unused Assets to reduce memory usage. Loaded Objects now: 1956.
Total: 3.877100 ms (FindLiveObjects: 0.190500 ms CreateObjectMapping: 0.084200 ms MarkObjects: 3.523000 ms  DeleteObjects: 0.077700 ms)

AssetImportParameters requested are different than current active one (requested -> active):
  custom:framework-win-MediaFoundation: 216162199b28c13a410421893ffa2e32 -> 
  custom:video-decoder-ogg-theora: a1e56fd34408186e4bbccfd4996cb3dc -> 
  custom:container-muxer-webm: aa71ff27fc2769a1b78a27578f13a17b -> 
  custom:container-demuxer-webm: 4f35f7cbe854078d1ac9338744f61a02 -> 
  custom:container-demuxer-ogg: 62fdf1f143b41e24485cea50d1cbac27 -> 
  custom:video-encoder-webm-vp8: eb34c28f22e8b96e1ab97ce403110664 -> 
  custom:video-decoder-webm-vp8: 9c59270c3fd7afecdb556c50c9e8de78 -> 
  custom:audio-decoder-ogg-vorbis: bf7c407c2cedff20999df2af8eb42d56 -> 
  custom:audio-encoder-webm-vorbis: bf7c407c2cedff20999df2af8eb42d56 -> 
========================================================================
Received Import Request.
  path: Assets/PersonElements/Person.prefab
  artifactKey: Guid(0ee169d20487ff643a249cdb9ad45cf2) Importer(815301076,1909f56bfc062723c751e8b465ee728b)
Start importing Assets/PersonElements/Person.prefab using Guid(0ee169d20487ff643a249cdb9ad45cf2) Importer(815301076,1909f56bfc062723c751e8b465ee728b)  -> (artifact id: 'eab4be14302197efc83d818e888814c1') in 0.201504 seconds 
  Import took 0.204786 seconds .

========================================================================
Received Import Request.
  Time since last request: 0.000231 seconds.
  path: Assets/PersonElements/TestPerson.prefab
  artifactKey: Guid(e42800ed9c32ab14cb321db1fd26febe) Importer(815301076,1909f56bfc062723c751e8b465ee728b)
Start importing Assets/PersonElements/TestPerson.prefab using Guid(e42800ed9c32ab14cb321db1fd26febe) Importer(815301076,1909f56bfc062723c751e8b465ee728b)  -> (artifact id: '1c8d4d1b5666723a7b2c1ed9f601e519') in 0.033949 seconds 
  Import took 0.037687 seconds .

========================================================================
Received Import Request.
  Time since last request: 0.000267 seconds.
  path: Assets/PersonElements/TestPerson1.prefab
  artifactKey: Guid(24126e2e41140d2449383d9a2cee89f5) Importer(815301076,1909f56bfc062723c751e8b465ee728b)
Start importing Assets/PersonElements/TestPerson1.prefab using Guid(24126e2e41140d2449383d9a2cee89f5) Importer(815301076,1909f56bfc062723c751e8b465ee728b)  -> (artifact id: '8adf88f019e1563b28b518065042239c') in 0.078714 seconds 
  Import took 0.082527 seconds .

========================================================================
Received Import Request.
  Time since last request: 161.047880 seconds.
  path: Assets/StatBlocks/FeedPersonStat.prefab
  artifactKey: Guid(cd3dcaa4e5134d04c95af06384916f0c) Importer(815301076,1909f56bfc062723c751e8b465ee728b)
Start importing Assets/StatBlocks/FeedPersonStat.prefab using Guid(cd3dcaa4e5134d04c95af06384916f0c) Importer(815301076,1909f56bfc062723c751e8b465ee728b)  -> (artifact id: '0d1c66eb44a466fcbf8e40be7fd1259c') in 0.031535 seconds 
  Import took 0.036267 seconds .

========================================================================
Received Import Request.
  Time since last request: 5.609424 seconds.
  path: Assets/StatBlocks/FeedPersonStat.prefab
  artifactKey: Guid(cd3dcaa4e5134d04c95af06384916f0c) Importer(815301076,1909f56bfc062723c751e8b465ee728b)
Start importing Assets/StatBlocks/FeedPersonStat.prefab using Guid(cd3dcaa4e5134d04c95af06384916f0c) Importer(815301076,1909f56bfc062723c751e8b465ee728b)  -> (artifact id: '64066dfc1d2fcfa88a82a8ab5ba6fa3a') in 0.007772 seconds 
  Import took 0.011234 seconds .

========================================================================
Received Import Request.
  Time since last request: 1.482745 seconds.
  path: Assets/StatBlocks/FeedPersonStat.prefab
  artifactKey: Guid(cd3dcaa4e5134d04c95af06384916f0c) Importer(815301076,1909f56bfc062723c751e8b465ee728b)
Start importing Assets/StatBlocks/FeedPersonStat.prefab using Guid(cd3dcaa4e5134d04c95af06384916f0c) Importer(815301076,1909f56bfc062723c751e8b465ee728b)  -> (artifact id: '34b3721113eb2f58688eba9f0c6835b0') in 0.009196 seconds 
  Import took 0.013272 seconds .

========================================================================
Received Import Request.
  Time since last request: 5.650770 seconds.
  path: Assets/StatBlocks/FeedPersonStat.prefab
  artifactKey: Guid(cd3dcaa4e5134d04c95af06384916f0c) Importer(815301076,1909f56bfc062723c751e8b465ee728b)
Start importing Assets/StatBlocks/FeedPersonStat.prefab using Guid(cd3dcaa4e5134d04c95af06384916f0c) Importer(815301076,1909f56bfc062723c751e8b465ee728b)  -> (artifact id: 'beb5c4d79311c29dc2c1dc55facc0805') in 0.008772 seconds 
  Import took 0.013092 seconds .

========================================================================
Received Import Request.
  Time since last request: 1.833903 seconds.
  path: Assets/StatBlocks/FeedPersonStat.prefab
  artifactKey: Guid(cd3dcaa4e5134d04c95af06384916f0c) Importer(815301076,1909f56bfc062723c751e8b465ee728b)
Start importing Assets/StatBlocks/FeedPersonStat.prefab using Guid(cd3dcaa4e5134d04c95af06384916f0c) Importer(815301076,1909f56bfc062723c751e8b465ee728b)  -> (artifact id: 'cd5beced4a6a7bd90879c76efff664b4') in 0.009866 seconds 
  Import took 0.013940 seconds .

========================================================================
Received Import Request.
  Time since last request: 4.643453 seconds.
  path: Assets/StatBlocks/FeedPersonStat.prefab
  artifactKey: Guid(cd3dcaa4e5134d04c95af06384916f0c) Importer(815301076,1909f56bfc062723c751e8b465ee728b)
Start importing Assets/StatBlocks/FeedPersonStat.prefab using Guid(cd3dcaa4e5134d04c95af06384916f0c) Importer(815301076,1909f56bfc062723c751e8b465ee728b)  -> (artifact id: 'bfde3fccf34fdcae979c04f496cb6d94') in 0.008161 seconds 
  Import took 0.011572 seconds .

========================================================================
Received Import Request.
  Time since last request: 4.987186 seconds.
  path: Assets/StatBlocks/FeedPersonStat.prefab
  artifactKey: Guid(cd3dcaa4e5134d04c95af06384916f0c) Importer(815301076,1909f56bfc062723c751e8b465ee728b)
Start importing Assets/StatBlocks/FeedPersonStat.prefab using Guid(cd3dcaa4e5134d04c95af06384916f0c) Importer(815301076,1909f56bfc062723c751e8b465ee728b)  -> (artifact id: '377ebf76789d03b3a8bf2ee188687673') in 0.007896 seconds 
  Import took 0.011311 seconds .

========================================================================
Received Import Request.
  Time since last request: 3.438570 seconds.
  path: Assets/StatBlocks/FeedPersonStat.prefab
  artifactKey: Guid(cd3dcaa4e5134d04c95af06384916f0c) Importer(815301076,1909f56bfc062723c751e8b465ee728b)
Start importing Assets/StatBlocks/FeedPersonStat.prefab using Guid(cd3dcaa4e5134d04c95af06384916f0c) Importer(815301076,1909f56bfc062723c751e8b465ee728b)  -> (artifact id: 'fdc9f6c40fdb80c632d83815f1cf1484') in 0.008999 seconds 
  Import took 0.012440 seconds .

========================================================================
Received Import Request.
  Time since last request: 15.437948 seconds.
  path: Assets/StatBlocks/FeedPersonStat.prefab
  artifactKey: Guid(cd3dcaa4e5134d04c95af06384916f0c) Importer(815301076,1909f56bfc062723c751e8b465ee728b)
Start importing Assets/StatBlocks/FeedPersonStat.prefab using Guid(cd3dcaa4e5134d04c95af06384916f0c) Importer(815301076,1909f56bfc062723c751e8b465ee728b)  -> (artifact id: '33baaf04255d893a9e21640cbc9f30c4') in 0.008354 seconds 
  Import took 0.012507 seconds .

========================================================================
Received Import Request.
  Time since last request: 2.612208 seconds.
  path: Assets/StatBlocks/FeedPersonStat.prefab
  artifactKey: Guid(cd3dcaa4e5134d04c95af06384916f0c) Importer(815301076,1909f56bfc062723c751e8b465ee728b)
Start importing Assets/StatBlocks/FeedPersonStat.prefab using Guid(cd3dcaa4e5134d04c95af06384916f0c) Importer(815301076,1909f56bfc062723c751e8b465ee728b)  -> (artifact id: '241a7f1e7f84bb780a9bd6dcb46feeb3') in 0.008042 seconds 
  Import took 0.011450 seconds .

========================================================================
Received Import Request.
  Time since last request: 2.423983 seconds.
  path: Assets/StatBlocks/FeedPersonStat.prefab
  artifactKey: Guid(cd3dcaa4e5134d04c95af06384916f0c) Importer(815301076,1909f56bfc062723c751e8b465ee728b)
Start importing Assets/StatBlocks/FeedPersonStat.prefab using Guid(cd3dcaa4e5134d04c95af06384916f0c) Importer(815301076,1909f56bfc062723c751e8b465ee728b)  -> (artifact id: '136b00dec1bf63c6978b28f786dde471') in 0.009027 seconds 
  Import took 0.012472 seconds .

========================================================================
Received Import Request.
  Time since last request: 8.927136 seconds.
  path: Assets/StatBlocks/FeedPersonStat.prefab
  artifactKey: Guid(cd3dcaa4e5134d04c95af06384916f0c) Importer(815301076,1909f56bfc062723c751e8b465ee728b)
Start importing Assets/StatBlocks/FeedPersonStat.prefab using Guid(cd3dcaa4e5134d04c95af06384916f0c) Importer(815301076,1909f56bfc062723c751e8b465ee728b)  -> (artifact id: '6a6b56b3b61bcb4098c280f668fe689c') in 0.007757 seconds 
  Import took 0.011185 seconds .

========================================================================
Received Import Request.
  Time since last request: 2.081983 seconds.
  path: Assets/StatBlocks/FeedPersonStat.prefab
  artifactKey: Guid(cd3dcaa4e5134d04c95af06384916f0c) Importer(815301076,1909f56bfc062723c751e8b465ee728b)
Start importing Assets/StatBlocks/FeedPersonStat.prefab using Guid(cd3dcaa4e5134d04c95af06384916f0c) Importer(815301076,1909f56bfc062723c751e8b465ee728b)  -> (artifact id: 'b0e24254379dfe38eeff742da0c06ed8') in 0.007923 seconds 
  Import took 0.011286 seconds .

========================================================================
Received Prepare
Registering precompiled user dll's ...
Registered in 0.007053 seconds.
Begin MonoManager ReloadAssembly
Native extension for WindowsStandalone target not found
Refreshing native plugins compatible for Editor in 0.56 ms, found 2 plugins.
Preloading 0 native plugins for Editor in 0.00 ms.
Mono: successfully reloaded assembly
- Completed reload, in  1.890 seconds
Domain Reload Profiling:
	ReloadAssembly (1891ms)
		BeginReloadAssembly (296ms)
			ExecutionOrderSort (0ms)
			DisableScriptedObjects (8ms)
			BackupInstance (0ms)
			ReleaseScriptingObjects (0ms)
			CreateAndSetChildDomain (55ms)
		EndReloadAssembly (1442ms)
			LoadAssemblies (264ms)
			RebuildTransferFunctionScriptingTraits (0ms)
			SetupTypeCache (491ms)
			ReleaseScriptCaches (1ms)
			RebuildScriptCaches (63ms)
			SetupLoadedEditorAssemblies (552ms)
				LogAssemblyErrors (0ms)
				InitializePlatformSupportModulesInManaged (10ms)
				SetLoadedEditorAssemblies (1ms)
				RefreshPlugins (1ms)
				BeforeProcessingInitializeOnLoad (153ms)
				ProcessInitializeOnLoadAttributes (320ms)
				ProcessInitializeOnLoadMethodAttributes (16ms)
				AfterProcessingInitializeOnLoad (50ms)
				EditorAssembliesLoaded (0ms)
			ExecutionOrderSort2 (0ms)
			AwakeInstancesAfterBackupRestoration (12ms)
Platform modules already initialized, skipping
Refreshing native plugins compatible for Editor in 0.55 ms, found 2 plugins.
Preloading 0 native plugins for Editor in 0.00 ms.
Unloading 1513 Unused Serialized files (Serialized files now loaded: 0)
System memory in use before: 72.4 MB.
System memory in use after: 72.5 MB.

Unloading 16 unused Assets to reduce memory usage. Loaded Objects now: 1972.
Total: 3.914300 ms (FindLiveObjects: 0.186800 ms CreateObjectMapping: 0.088800 ms MarkObjects: 3.601100 ms  DeleteObjects: 0.035900 ms)

AssetImportParameters requested are different than current active one (requested -> active):
  custom:framework-win-MediaFoundation: 216162199b28c13a410421893ffa2e32 -> 
  custom:video-decoder-ogg-theora: a1e56fd34408186e4bbccfd4996cb3dc -> 
  custom:container-muxer-webm: aa71ff27fc2769a1b78a27578f13a17b -> 
  custom:container-demuxer-webm: 4f35f7cbe854078d1ac9338744f61a02 -> 
  custom:container-demuxer-ogg: 62fdf1f143b41e24485cea50d1cbac27 -> 
  custom:video-encoder-webm-vp8: eb34c28f22e8b96e1ab97ce403110664 -> 
  custom:video-decoder-webm-vp8: 9c59270c3fd7afecdb556c50c9e8de78 -> 
  custom:audio-decoder-ogg-vorbis: bf7c407c2cedff20999df2af8eb42d56 -> 
  custom:audio-encoder-webm-vorbis: bf7c407c2cedff20999df2af8eb42d56 -> 
========================================================================
Received Import Request.
  Time since last request: 1094.059934 seconds.
  path: Assets/StatBlocks/FeedPersonStat.prefab
  artifactKey: Guid(cd3dcaa4e5134d04c95af06384916f0c) Importer(815301076,1909f56bfc062723c751e8b465ee728b)
Start importing Assets/StatBlocks/FeedPersonStat.prefab using Guid(cd3dcaa4e5134d04c95af06384916f0c) Importer(815301076,1909f56bfc062723c751e8b465ee728b)  -> (artifact id: '69c67a88b438c6df7b911e5cdce8aa9e') in 0.079984 seconds 
  Import took 0.084821 seconds .

========================================================================
Received Import Request.
  Time since last request: 0.000308 seconds.
  path: Assets/StatBlocks/PersonListStat.prefab
  artifactKey: Guid(ba06ad4e802dc7841980c164df32e11d) Importer(815301076,1909f56bfc062723c751e8b465ee728b)
Start importing Assets/StatBlocks/PersonListStat.prefab using Guid(ba06ad4e802dc7841980c164df32e11d) Importer(815301076,1909f56bfc062723c751e8b465ee728b)  -> (artifact id: 'b29c0d20c276dcc41a11b2900e0fc62b') in 0.036505 seconds 
  Import took 0.044886 seconds .

========================================================================
Received Import Request.
  Time since last request: 0.001917 seconds.
  path: Assets/StatBlocks/PersonStat.prefab
  artifactKey: Guid(0f02eff140872a54cb3b4a87185ad0ff) Importer(815301076,1909f56bfc062723c751e8b465ee728b)
Start importing Assets/StatBlocks/PersonStat.prefab using Guid(0f02eff140872a54cb3b4a87185ad0ff) Importer(815301076,1909f56bfc062723c751e8b465ee728b)  -> (artifact id: 'b28d2b71612893bd17409de35f052bb7') in 0.021385 seconds 
  Import took 0.026438 seconds .

========================================================================
Received Import Request.
  Time since last request: 15.667148 seconds.
  path: Assets/StatBlocks/PersonListStat.prefab
  artifactKey: Guid(ba06ad4e802dc7841980c164df32e11d) Importer(815301076,1909f56bfc062723c751e8b465ee728b)
Start importing Assets/StatBlocks/PersonListStat.prefab using Guid(ba06ad4e802dc7841980c164df32e11d) Importer(815301076,1909f56bfc062723c751e8b465ee728b)  -> (artifact id: 'd4afad379218fecb79af5c66c489bfe5') in 0.008832 seconds 
  Import took 0.012427 seconds .

========================================================================
Received Import Request.
  Time since last request: 1.456990 seconds.
  path: Assets/StatBlocks/PersonListStat.prefab
  artifactKey: Guid(ba06ad4e802dc7841980c164df32e11d) Importer(815301076,1909f56bfc062723c751e8b465ee728b)
Start importing Assets/StatBlocks/PersonListStat.prefab using Guid(ba06ad4e802dc7841980c164df32e11d) Importer(815301076,1909f56bfc062723c751e8b465ee728b)  -> (artifact id: '76721fcdfd2677a26a68b0dde6985781') in 0.008899 seconds 
  Import took 0.012346 seconds .

========================================================================
Received Import Request.
  Time since last request: 1.789686 seconds.
  path: Assets/StatBlocks/PersonListStat.prefab
  artifactKey: Guid(ba06ad4e802dc7841980c164df32e11d) Importer(815301076,1909f56bfc062723c751e8b465ee728b)
Start importing Assets/StatBlocks/PersonListStat.prefab using Guid(ba06ad4e802dc7841980c164df32e11d) Importer(815301076,1909f56bfc062723c751e8b465ee728b)  -> (artifact id: '20b9048ff85724ae1791a203e70e6875') in 0.008269 seconds 
  Import took 0.012245 seconds .

========================================================================
Received Import Request.
  Time since last request: 7.868282 seconds.
  path: Assets/StatBlocks/PersonListStat.prefab
  artifactKey: Guid(ba06ad4e802dc7841980c164df32e11d) Importer(815301076,1909f56bfc062723c751e8b465ee728b)
Start importing Assets/StatBlocks/PersonListStat.prefab using Guid(ba06ad4e802dc7841980c164df32e11d) Importer(815301076,1909f56bfc062723c751e8b465ee728b)  -> (artifact id: '70ed265fafa3afafa8a0222e6bbbdf95') in 0.008399 seconds 
  Import took 0.011945 seconds .

========================================================================
Received Import Request.
  Time since last request: 2.212481 seconds.
  path: Assets/StatBlocks/PersonListStat.prefab
  artifactKey: Guid(ba06ad4e802dc7841980c164df32e11d) Importer(815301076,1909f56bfc062723c751e8b465ee728b)
Start importing Assets/StatBlocks/PersonListStat.prefab using Guid(ba06ad4e802dc7841980c164df32e11d) Importer(815301076,1909f56bfc062723c751e8b465ee728b)  -> (artifact id: 'de1c148f0c5dee4a625fb35e8c93ab63') in 0.008066 seconds 
  Import took 0.011428 seconds .

========================================================================
Received Import Request.
  Time since last request: 1.208768 seconds.
  path: Assets/StatBlocks/PersonListStat.prefab
  artifactKey: Guid(ba06ad4e802dc7841980c164df32e11d) Importer(815301076,1909f56bfc062723c751e8b465ee728b)
Start importing Assets/StatBlocks/PersonListStat.prefab using Guid(ba06ad4e802dc7841980c164df32e11d) Importer(815301076,1909f56bfc062723c751e8b465ee728b)  -> (artifact id: '2c4613de157f6e72c8630806250aff5e') in 0.007956 seconds 
  Import took 0.011410 seconds .

========================================================================
Received Import Request.
  Time since last request: 1.820155 seconds.
  path: Assets/StatBlocks/PersonListStat.prefab
  artifactKey: Guid(ba06ad4e802dc7841980c164df32e11d) Importer(815301076,1909f56bfc062723c751e8b465ee728b)
Start importing Assets/StatBlocks/PersonListStat.prefab using Guid(ba06ad4e802dc7841980c164df32e11d) Importer(815301076,1909f56bfc062723c751e8b465ee728b)  -> (artifact id: 'babc0aadf82fc5a371237d78b87c9c91') in 0.007767 seconds 
  Import took 0.011141 seconds .

========================================================================
Received Import Request.
  Time since last request: 2.643620 seconds.
  path: Assets/StatBlocks/PersonListStat.prefab
  artifactKey: Guid(ba06ad4e802dc7841980c164df32e11d) Importer(815301076,1909f56bfc062723c751e8b465ee728b)
Start importing Assets/StatBlocks/PersonListStat.prefab using Guid(ba06ad4e802dc7841980c164df32e11d) Importer(815301076,1909f56bfc062723c751e8b465ee728b)  -> (artifact id: 'a1b6e7877ffaaa687c396bca8cb6adab') in 0.008710 seconds 
  Import took 0.012161 seconds .

========================================================================
Received Import Request.
  Time since last request: 10.965581 seconds.
  path: Assets/StatBlocks/PersonListStat.prefab
  artifactKey: Guid(ba06ad4e802dc7841980c164df32e11d) Importer(815301076,1909f56bfc062723c751e8b465ee728b)
Start importing Assets/StatBlocks/PersonListStat.prefab using Guid(ba06ad4e802dc7841980c164df32e11d) Importer(815301076,1909f56bfc062723c751e8b465ee728b)  -> (artifact id: 'f41908cad5e0ee27a266bd19b5554d6b') in 0.007958 seconds 
  Import took 0.011449 seconds .

========================================================================
Received Import Request.
  Time since last request: 2.811507 seconds.
  path: Assets/StatBlocks/PersonListStat.prefab
  artifactKey: Guid(ba06ad4e802dc7841980c164df32e11d) Importer(815301076,1909f56bfc062723c751e8b465ee728b)
Start importing Assets/StatBlocks/PersonListStat.prefab using Guid(ba06ad4e802dc7841980c164df32e11d) Importer(815301076,1909f56bfc062723c751e8b465ee728b)  -> (artifact id: '33874619578e066fbc109b8c102a1b81') in 0.008063 seconds 
  Import took 0.011642 seconds .

========================================================================
Received Import Request.
  Time since last request: 2.056659 seconds.
  path: Assets/StatBlocks/PersonListStat.prefab
  artifactKey: Guid(ba06ad4e802dc7841980c164df32e11d) Importer(815301076,1909f56bfc062723c751e8b465ee728b)
Start importing Assets/StatBlocks/PersonListStat.prefab using Guid(ba06ad4e802dc7841980c164df32e11d) Importer(815301076,1909f56bfc062723c751e8b465ee728b)  -> (artifact id: '139baa10b55e7fafacae8fd8660b5939') in 0.008066 seconds 
  Import took 0.011838 seconds .

========================================================================
Received Import Request.
  Time since last request: 6.245004 seconds.
  path: Assets/StatBlocks/PersonListStat.prefab
  artifactKey: Guid(ba06ad4e802dc7841980c164df32e11d) Importer(815301076,1909f56bfc062723c751e8b465ee728b)
Start importing Assets/StatBlocks/PersonListStat.prefab using Guid(ba06ad4e802dc7841980c164df32e11d) Importer(815301076,1909f56bfc062723c751e8b465ee728b)  -> (artifact id: '83ff36a87be385519c4bea97dd515c78') in 0.007836 seconds 
  Import took 0.011287 seconds .

========================================================================
Received Import Request.
  Time since last request: 3.649846 seconds.
  path: Assets/StatBlocks/PersonListStat.prefab
  artifactKey: Guid(ba06ad4e802dc7841980c164df32e11d) Importer(815301076,1909f56bfc062723c751e8b465ee728b)
Start importing Assets/StatBlocks/PersonListStat.prefab using Guid(ba06ad4e802dc7841980c164df32e11d) Importer(815301076,1909f56bfc062723c751e8b465ee728b)  -> (artifact id: '085bd1ea1cce935014b7d506e4e11a45') in 0.013492 seconds 
  Import took 0.020884 seconds .

========================================================================
Received Import Request.
  Time since last request: 1.769597 seconds.
  path: Assets/StatBlocks/PersonListStat.prefab
  artifactKey: Guid(ba06ad4e802dc7841980c164df32e11d) Importer(815301076,1909f56bfc062723c751e8b465ee728b)
Start importing Assets/StatBlocks/PersonListStat.prefab using Guid(ba06ad4e802dc7841980c164df32e11d) Importer(815301076,1909f56bfc062723c751e8b465ee728b)  -> (artifact id: '5c8365b1bbfdf7b285690541f99f4cd7') in 0.010601 seconds 
  Import took 0.014124 seconds .

========================================================================
Received Import Request.
  Time since last request: 5.053122 seconds.
  path: Assets/StatBlocks/PersonListStat.prefab
  artifactKey: Guid(ba06ad4e802dc7841980c164df32e11d) Importer(815301076,1909f56bfc062723c751e8b465ee728b)
Start importing Assets/StatBlocks/PersonListStat.prefab using Guid(ba06ad4e802dc7841980c164df32e11d) Importer(815301076,1909f56bfc062723c751e8b465ee728b)  -> (artifact id: '1e091db53875eadee6ed45803276c1ba') in 0.008141 seconds 
  Import took 0.011657 seconds .

========================================================================
Received Prepare
Registering precompiled user dll's ...
Registered in 0.007025 seconds.
Begin MonoManager ReloadAssembly
Native extension for WindowsStandalone target not found
Refreshing native plugins compatible for Editor in 0.54 ms, found 2 plugins.
Preloading 0 native plugins for Editor in 0.00 ms.
Mono: successfully reloaded assembly
- Completed reload, in  1.993 seconds
Domain Reload Profiling:
	ReloadAssembly (1994ms)
		BeginReloadAssembly (287ms)
			ExecutionOrderSort (0ms)
			DisableScriptedObjects (9ms)
			BackupInstance (0ms)
			ReleaseScriptingObjects (0ms)
			CreateAndSetChildDomain (51ms)
		EndReloadAssembly (1538ms)
			LoadAssemblies (254ms)
			RebuildTransferFunctionScriptingTraits (0ms)
			SetupTypeCache (498ms)
			ReleaseScriptCaches (1ms)
			RebuildScriptCaches (122ms)
			SetupLoadedEditorAssemblies (562ms)
				LogAssemblyErrors (0ms)
				InitializePlatformSupportModulesInManaged (9ms)
				SetLoadedEditorAssemblies (1ms)
				RefreshPlugins (1ms)
				BeforeProcessingInitializeOnLoad (156ms)
				ProcessInitializeOnLoadAttributes (329ms)
				ProcessInitializeOnLoadMethodAttributes (16ms)
				AfterProcessingInitializeOnLoad (50ms)
				EditorAssembliesLoaded (0ms)
			ExecutionOrderSort2 (0ms)
			AwakeInstancesAfterBackupRestoration (12ms)
Platform modules already initialized, skipping
Refreshing native plugins compatible for Editor in 0.55 ms, found 2 plugins.
Preloading 0 native plugins for Editor in 0.00 ms.
Unloading 1513 Unused Serialized files (Serialized files now loaded: 0)
System memory in use before: 72.4 MB.
System memory in use after: 72.6 MB.

Unloading 15 unused Assets to reduce memory usage. Loaded Objects now: 1975.
Total: 3.808100 ms (FindLiveObjects: 0.186300 ms CreateObjectMapping: 0.084000 ms MarkObjects: 3.508500 ms  DeleteObjects: 0.027700 ms)

AssetImportParameters requested are different than current active one (requested -> active):
  custom:framework-win-MediaFoundation: 216162199b28c13a410421893ffa2e32 -> 
  custom:video-decoder-ogg-theora: a1e56fd34408186e4bbccfd4996cb3dc -> 
  custom:container-muxer-webm: aa71ff27fc2769a1b78a27578f13a17b -> 
  custom:container-demuxer-webm: 4f35f7cbe854078d1ac9338744f61a02 -> 
  custom:container-demuxer-ogg: 62fdf1f143b41e24485cea50d1cbac27 -> 
  custom:video-encoder-webm-vp8: eb34c28f22e8b96e1ab97ce403110664 -> 
  custom:video-decoder-webm-vp8: 9c59270c3fd7afecdb556c50c9e8de78 -> 
  custom:audio-decoder-ogg-vorbis: bf7c407c2cedff20999df2af8eb42d56 -> 
  custom:audio-encoder-webm-vorbis: bf7c407c2cedff20999df2af8eb42d56 -> 
========================================================================
Received Prepare
Registering precompiled user dll's ...
Registered in 0.006726 seconds.
Begin MonoManager ReloadAssembly
Native extension for WindowsStandalone target not found
Refreshing native plugins compatible for Editor in 0.54 ms, found 2 plugins.
Preloading 0 native plugins for Editor in 0.00 ms.
Mono: successfully reloaded assembly
- Completed reload, in  1.891 seconds
Domain Reload Profiling:
	ReloadAssembly (1892ms)
		BeginReloadAssembly (270ms)
			ExecutionOrderSort (0ms)
			DisableScriptedObjects (8ms)
			BackupInstance (0ms)
			ReleaseScriptingObjects (0ms)
			CreateAndSetChildDomain (45ms)
		EndReloadAssembly (1446ms)
			LoadAssemblies (258ms)
			RebuildTransferFunctionScriptingTraits (0ms)
			SetupTypeCache (485ms)
			ReleaseScriptCaches (1ms)
			RebuildScriptCaches (64ms)
			SetupLoadedEditorAssemblies (554ms)
				LogAssemblyErrors (0ms)
				InitializePlatformSupportModulesInManaged (10ms)
				SetLoadedEditorAssemblies (1ms)
				RefreshPlugins (1ms)
				BeforeProcessingInitializeOnLoad (157ms)
				ProcessInitializeOnLoadAttributes (318ms)
				ProcessInitializeOnLoadMethodAttributes (17ms)
				AfterProcessingInitializeOnLoad (51ms)
				EditorAssembliesLoaded (0ms)
			ExecutionOrderSort2 (0ms)
			AwakeInstancesAfterBackupRestoration (11ms)
Platform modules already initialized, skipping
Refreshing native plugins compatible for Editor in 0.63 ms, found 2 plugins.
Preloading 0 native plugins for Editor in 0.00 ms.
Unloading 1513 Unused Serialized files (Serialized files now loaded: 0)
System memory in use before: 72.5 MB.
System memory in use after: 72.6 MB.

Unloading 14 unused Assets to reduce memory usage. Loaded Objects now: 1978.
Total: 3.776300 ms (FindLiveObjects: 0.183300 ms CreateObjectMapping: 0.087600 ms MarkObjects: 3.482800 ms  DeleteObjects: 0.020800 ms)

AssetImportParameters requested are different than current active one (requested -> active):
  custom:framework-win-MediaFoundation: 216162199b28c13a410421893ffa2e32 -> 
  custom:video-decoder-ogg-theora: a1e56fd34408186e4bbccfd4996cb3dc -> 
  custom:container-muxer-webm: aa71ff27fc2769a1b78a27578f13a17b -> 
  custom:container-demuxer-webm: 4f35f7cbe854078d1ac9338744f61a02 -> 
  custom:container-demuxer-ogg: 62fdf1f143b41e24485cea50d1cbac27 -> 
  custom:video-encoder-webm-vp8: eb34c28f22e8b96e1ab97ce403110664 -> 
  custom:video-decoder-webm-vp8: 9c59270c3fd7afecdb556c50c9e8de78 -> 
  custom:audio-decoder-ogg-vorbis: bf7c407c2cedff20999df2af8eb42d56 -> 
  custom:audio-encoder-webm-vorbis: bf7c407c2cedff20999df2af8eb42d56 -> 
========================================================================
Received Import Request.
  Time since last request: 356.232811 seconds.
  path: Assets/PersonElements/Person.prefab
  artifactKey: Guid(0ee169d20487ff643a249cdb9ad45cf2) Importer(815301076,1909f56bfc062723c751e8b465ee728b)
Start importing Assets/PersonElements/Person.prefab using Guid(0ee169d20487ff643a249cdb9ad45cf2) Importer(815301076,1909f56bfc062723c751e8b465ee728b)  -> (artifact id: 'fd0abfc808711d79f4eb9d1796586f6c') in 0.091353 seconds 
  Import took 0.095674 seconds .

========================================================================
Received Import Request.
  Time since last request: 0.000289 seconds.
  path: Assets/PersonElements/TestPerson.prefab
  artifactKey: Guid(e42800ed9c32ab14cb321db1fd26febe) Importer(815301076,1909f56bfc062723c751e8b465ee728b)
Start importing Assets/PersonElements/TestPerson.prefab using Guid(e42800ed9c32ab14cb321db1fd26febe) Importer(815301076,1909f56bfc062723c751e8b465ee728b)  -> (artifact id: '363ce55d24bae653ebb7c12a5ccc1961') in 0.019939 seconds 
  Import took 0.024273 seconds .

========================================================================
Received Import Request.
  Time since last request: 0.000267 seconds.
  path: Assets/PersonElements/TestPerson1.prefab
  artifactKey: Guid(24126e2e41140d2449383d9a2cee89f5) Importer(815301076,1909f56bfc062723c751e8b465ee728b)
Start importing Assets/PersonElements/TestPerson1.prefab using Guid(24126e2e41140d2449383d9a2cee89f5) Importer(815301076,1909f56bfc062723c751e8b465ee728b)  -> (artifact id: '5ba6d6932de2db8d212f54e1983b2e2c') in 0.081848 seconds 
  Import took 0.085903 seconds .

========================================================================
Received Import Request.
  Time since last request: 111.591750 seconds.
  path: Assets/StatBlocks/FeedPersonStat.prefab
  artifactKey: Guid(cd3dcaa4e5134d04c95af06384916f0c) Importer(815301076,1909f56bfc062723c751e8b465ee728b)
Start importing Assets/StatBlocks/FeedPersonStat.prefab using Guid(cd3dcaa4e5134d04c95af06384916f0c) Importer(815301076,1909f56bfc062723c751e8b465ee728b)  -> (artifact id: '5dc1bbd9e3984313cc78ca8f01464a40') in 0.024478 seconds 
  Import took 0.027888 seconds .

========================================================================
Received Import Request.
  Time since last request: 0.000211 seconds.
  path: Assets/StatBlocks/PersonListStat.prefab
  artifactKey: Guid(ba06ad4e802dc7841980c164df32e11d) Importer(815301076,1909f56bfc062723c751e8b465ee728b)
Start importing Assets/StatBlocks/PersonListStat.prefab using Guid(ba06ad4e802dc7841980c164df32e11d) Importer(815301076,1909f56bfc062723c751e8b465ee728b)  -> (artifact id: 'e64dcd4b6052e1b87723495cd4c923fd') in 0.009907 seconds 
  Import took 0.013210 seconds .

========================================================================
Received Import Request.
  Time since last request: 0.000228 seconds.
  path: Assets/StatBlocks/PersonStat.prefab
  artifactKey: Guid(0f02eff140872a54cb3b4a87185ad0ff) Importer(815301076,1909f56bfc062723c751e8b465ee728b)
Start importing Assets/StatBlocks/PersonStat.prefab using Guid(0f02eff140872a54cb3b4a87185ad0ff) Importer(815301076,1909f56bfc062723c751e8b465ee728b)  -> (artifact id: '6abd44c84cc9d6ec9f2a8f5514bc053e') in 0.009378 seconds 
  Import took 0.012636 seconds .

========================================================================
Received Prepare
Registering precompiled user dll's ...
Registered in 0.007271 seconds.
Begin MonoManager ReloadAssembly
Native extension for WindowsStandalone target not found
Refreshing native plugins compatible for Editor in 0.53 ms, found 2 plugins.
Preloading 0 native plugins for Editor in 0.00 ms.
Mono: successfully reloaded assembly
- Completed reload, in  1.825 seconds
Domain Reload Profiling:
	ReloadAssembly (1825ms)
		BeginReloadAssembly (261ms)
			ExecutionOrderSort (0ms)
			DisableScriptedObjects (8ms)
			BackupInstance (0ms)
			ReleaseScriptingObjects (0ms)
			CreateAndSetChildDomain (45ms)
		EndReloadAssembly (1411ms)
			LoadAssemblies (241ms)
			RebuildTransferFunctionScriptingTraits (0ms)
			SetupTypeCache (466ms)
			ReleaseScriptCaches (1ms)
			RebuildScriptCaches (62ms)
			SetupLoadedEditorAssemblies (553ms)
				LogAssemblyErrors (0ms)
				InitializePlatformSupportModulesInManaged (10ms)
				SetLoadedEditorAssemblies (1ms)
				RefreshPlugins (1ms)
				BeforeProcessingInitializeOnLoad (158ms)
				ProcessInitializeOnLoadAttributes (315ms)
				ProcessInitializeOnLoadMethodAttributes (17ms)
				AfterProcessingInitializeOnLoad (51ms)
				EditorAssembliesLoaded (0ms)
			ExecutionOrderSort2 (0ms)
			AwakeInstancesAfterBackupRestoration (11ms)
Platform modules already initialized, skipping
Refreshing native plugins compatible for Editor in 0.55 ms, found 2 plugins.
Preloading 0 native plugins for Editor in 0.00 ms.
Unloading 1513 Unused Serialized files (Serialized files now loaded: 0)
System memory in use before: 72.5 MB.
System memory in use after: 72.6 MB.

Unloading 16 unused Assets to reduce memory usage. Loaded Objects now: 1982.
Total: 3.764800 ms (FindLiveObjects: 0.185000 ms CreateObjectMapping: 0.084000 ms MarkObjects: 3.464000 ms  DeleteObjects: 0.030100 ms)

AssetImportParameters requested are different than current active one (requested -> active):
  custom:framework-win-MediaFoundation: 216162199b28c13a410421893ffa2e32 -> 
  custom:video-decoder-ogg-theora: a1e56fd34408186e4bbccfd4996cb3dc -> 
  custom:container-muxer-webm: aa71ff27fc2769a1b78a27578f13a17b -> 
  custom:container-demuxer-webm: 4f35f7cbe854078d1ac9338744f61a02 -> 
  custom:container-demuxer-ogg: 62fdf1f143b41e24485cea50d1cbac27 -> 
  custom:video-encoder-webm-vp8: eb34c28f22e8b96e1ab97ce403110664 -> 
  custom:video-decoder-webm-vp8: 9c59270c3fd7afecdb556c50c9e8de78 -> 
  custom:audio-decoder-ogg-vorbis: bf7c407c2cedff20999df2af8eb42d56 -> 
  custom:audio-encoder-webm-vorbis: bf7c407c2cedff20999df2af8eb42d56 -> 
========================================================================
Received Import Request.
  Time since last request: 15.743495 seconds.
  path: Assets/StatBlocks/FeedPersonStat.prefab
  artifactKey: Guid(cd3dcaa4e5134d04c95af06384916f0c) Importer(815301076,1909f56bfc062723c751e8b465ee728b)
Start importing Assets/StatBlocks/FeedPersonStat.prefab using Guid(cd3dcaa4e5134d04c95af06384916f0c) Importer(815301076,1909f56bfc062723c751e8b465ee728b)  -> (artifact id: '0162b1c67c5a9329a85e90f30e459f9d') in 0.054634 seconds 
  Import took 0.057976 seconds .

========================================================================
Received Import Request.
  Time since last request: 20.421947 seconds.
  path: Assets/StatBlocks/FeedPersonStat.prefab
  artifactKey: Guid(cd3dcaa4e5134d04c95af06384916f0c) Importer(815301076,1909f56bfc062723c751e8b465ee728b)
Start importing Assets/StatBlocks/FeedPersonStat.prefab using Guid(cd3dcaa4e5134d04c95af06384916f0c) Importer(815301076,1909f56bfc062723c751e8b465ee728b)  -> (artifact id: 'e4812abc8d178dec2663b9436bad101e') in 0.011570 seconds 
  Import took 0.015582 seconds .

========================================================================
Received Import Request.
  Time since last request: 4.028362 seconds.
  path: Assets/StatBlocks/FeedPersonStat.prefab
  artifactKey: Guid(cd3dcaa4e5134d04c95af06384916f0c) Importer(815301076,1909f56bfc062723c751e8b465ee728b)
Start importing Assets/StatBlocks/FeedPersonStat.prefab using Guid(cd3dcaa4e5134d04c95af06384916f0c) Importer(815301076,1909f56bfc062723c751e8b465ee728b)  -> (artifact id: 'a7dabb317c48aa6afd31e2f4b16fa69f') in 0.009202 seconds 
  Import took 0.013291 seconds .

========================================================================
Received Import Request.
  Time since last request: 6.654407 seconds.
  path: Assets/StatBlocks/FeedPersonStat.prefab
  artifactKey: Guid(cd3dcaa4e5134d04c95af06384916f0c) Importer(815301076,1909f56bfc062723c751e8b465ee728b)
Start importing Assets/StatBlocks/FeedPersonStat.prefab using Guid(cd3dcaa4e5134d04c95af06384916f0c) Importer(815301076,1909f56bfc062723c751e8b465ee728b)  -> (artifact id: '743610ab1cdd48426bba5614a37c51bc') in 0.008593 seconds 
  Import took 0.012194 seconds .

========================================================================
Received Import Request.
  Time since last request: 1.411318 seconds.
  path: Assets/StatBlocks/FeedPersonStat.prefab
  artifactKey: Guid(cd3dcaa4e5134d04c95af06384916f0c) Importer(815301076,1909f56bfc062723c751e8b465ee728b)
Start importing Assets/StatBlocks/FeedPersonStat.prefab using Guid(cd3dcaa4e5134d04c95af06384916f0c) Importer(815301076,1909f56bfc062723c751e8b465ee728b)  -> (artifact id: '60ea7e0f2e48844f15b3aa5fdf158cef') in 0.008673 seconds 
  Import took 0.012198 seconds .

========================================================================
Received Import Request.
  Time since last request: 5.029691 seconds.
  path: Assets/StatBlocks/FeedPersonStat.prefab
  artifactKey: Guid(cd3dcaa4e5134d04c95af06384916f0c) Importer(815301076,1909f56bfc062723c751e8b465ee728b)
Start importing Assets/StatBlocks/FeedPersonStat.prefab using Guid(cd3dcaa4e5134d04c95af06384916f0c) Importer(815301076,1909f56bfc062723c751e8b465ee728b)  -> (artifact id: '1ccb542a0fcdd08f8e046e25cf67bf31') in 0.010878 seconds 
  Import took 0.014765 seconds .

========================================================================
Received Import Request.
  Time since last request: 5.256668 seconds.
  path: Assets/StatBlocks/FeedPersonStat.prefab
  artifactKey: Guid(cd3dcaa4e5134d04c95af06384916f0c) Importer(815301076,1909f56bfc062723c751e8b465ee728b)
Start importing Assets/StatBlocks/FeedPersonStat.prefab using Guid(cd3dcaa4e5134d04c95af06384916f0c) Importer(815301076,1909f56bfc062723c751e8b465ee728b)  -> (artifact id: '0e14e28c33ccc62beec5fd8748e75965') in 0.009254 seconds 
  Import took 0.012954 seconds .

========================================================================
Received Import Request.
  Time since last request: 1.194652 seconds.
  path: Assets/StatBlocks/FeedPersonStat.prefab
  artifactKey: Guid(cd3dcaa4e5134d04c95af06384916f0c) Importer(815301076,1909f56bfc062723c751e8b465ee728b)
Start importing Assets/StatBlocks/FeedPersonStat.prefab using Guid(cd3dcaa4e5134d04c95af06384916f0c) Importer(815301076,1909f56bfc062723c751e8b465ee728b)  -> (artifact id: '37bb4a6b31e2f7fd4bcc1110799a94eb') in 0.008433 seconds 
  Import took 0.012039 seconds .

========================================================================
Received Import Request.
  Time since last request: 1.194160 seconds.
  path: Assets/StatBlocks/FeedPersonStat.prefab
  artifactKey: Guid(cd3dcaa4e5134d04c95af06384916f0c) Importer(815301076,1909f56bfc062723c751e8b465ee728b)
Start importing Assets/StatBlocks/FeedPersonStat.prefab using Guid(cd3dcaa4e5134d04c95af06384916f0c) Importer(815301076,1909f56bfc062723c751e8b465ee728b)  -> (artifact id: '726c7be248d8e45fdccc3fcb4dbf32c9') in 0.008394 seconds 
  Import took 0.012116 seconds .

========================================================================
Received Import Request.
  Time since last request: 4.087772 seconds.
  path: Assets/StatBlocks/FeedPersonStat.prefab
  artifactKey: Guid(cd3dcaa4e5134d04c95af06384916f0c) Importer(815301076,1909f56bfc062723c751e8b465ee728b)
Start importing Assets/StatBlocks/FeedPersonStat.prefab using Guid(cd3dcaa4e5134d04c95af06384916f0c) Importer(815301076,1909f56bfc062723c751e8b465ee728b)  -> (artifact id: '060126b60dfc8cdc5fe14a51a7843507') in 0.008691 seconds 
  Import took 0.012674 seconds .

========================================================================
Received Import Request.
  Time since last request: 11.480517 seconds.
  path: Assets/StatBlocks/FeedPersonStat.prefab
  artifactKey: Guid(cd3dcaa4e5134d04c95af06384916f0c) Importer(815301076,1909f56bfc062723c751e8b465ee728b)
Start importing Assets/StatBlocks/FeedPersonStat.prefab using Guid(cd3dcaa4e5134d04c95af06384916f0c) Importer(815301076,1909f56bfc062723c751e8b465ee728b)  -> (artifact id: 'a5b2cbbe1f1886d3f208b241e6da67ef') in 0.009295 seconds 
  Import took 0.012985 seconds .

========================================================================
Received Import Request.
  Time since last request: 12.701075 seconds.
  path: Assets/StatBlocks/FeedPersonStat.prefab
  artifactKey: Guid(cd3dcaa4e5134d04c95af06384916f0c) Importer(815301076,1909f56bfc062723c751e8b465ee728b)
Start importing Assets/StatBlocks/FeedPersonStat.prefab using Guid(cd3dcaa4e5134d04c95af06384916f0c) Importer(815301076,1909f56bfc062723c751e8b465ee728b)  -> (artifact id: '9a0717b54fec885677ecf6813745da35') in 0.010492 seconds 
  Import took 0.014641 seconds .

========================================================================
Received Import Request.
  Time since last request: 1.396799 seconds.
  path: Assets/StatBlocks/FeedPersonStat.prefab
  artifactKey: Guid(cd3dcaa4e5134d04c95af06384916f0c) Importer(815301076,1909f56bfc062723c751e8b465ee728b)
Start importing Assets/StatBlocks/FeedPersonStat.prefab using Guid(cd3dcaa4e5134d04c95af06384916f0c) Importer(815301076,1909f56bfc062723c751e8b465ee728b)  -> (artifact id: '86640756de31d2eb29b2bccfcc664eaf') in 0.008913 seconds 
  Import took 0.013045 seconds .

========================================================================
Received Import Request.
  Time since last request: 9.503056 seconds.
  path: Assets/StatBlocks/FeedPersonStat.prefab
  artifactKey: Guid(cd3dcaa4e5134d04c95af06384916f0c) Importer(815301076,1909f56bfc062723c751e8b465ee728b)
Start importing Assets/StatBlocks/FeedPersonStat.prefab using Guid(cd3dcaa4e5134d04c95af06384916f0c) Importer(815301076,1909f56bfc062723c751e8b465ee728b)  -> (artifact id: '894c603fa0a661ebd8e8e6d5363c4a4a') in 0.008446 seconds 
  Import took 0.011973 seconds .

========================================================================
Received Import Request.
  Time since last request: 9.532851 seconds.
  path: Assets/StatBlocks/FeedPersonStat.prefab
  artifactKey: Guid(cd3dcaa4e5134d04c95af06384916f0c) Importer(815301076,1909f56bfc062723c751e8b465ee728b)
Start importing Assets/StatBlocks/FeedPersonStat.prefab using Guid(cd3dcaa4e5134d04c95af06384916f0c) Importer(815301076,1909f56bfc062723c751e8b465ee728b)  -> (artifact id: 'aaf2d0623168498bdb595bea6f98c70e') in 0.008943 seconds 
  Import took 0.013054 seconds .

========================================================================
Received Import Request.
  Time since last request: 4.649535 seconds.
  path: Assets/StatBlocks/FeedPersonStat.prefab
  artifactKey: Guid(cd3dcaa4e5134d04c95af06384916f0c) Importer(815301076,1909f56bfc062723c751e8b465ee728b)
Start importing Assets/StatBlocks/FeedPersonStat.prefab using Guid(cd3dcaa4e5134d04c95af06384916f0c) Importer(815301076,1909f56bfc062723c751e8b465ee728b)  -> (artifact id: '4a180995291c85d06b3dfb2f0ba05d7a') in 0.008707 seconds 
  Import took 0.012255 seconds .

========================================================================
Received Import Request.
  Time since last request: 2.007894 seconds.
  path: Assets/StatBlocks/FeedPersonStat.prefab
  artifactKey: Guid(cd3dcaa4e5134d04c95af06384916f0c) Importer(815301076,1909f56bfc062723c751e8b465ee728b)
Start importing Assets/StatBlocks/FeedPersonStat.prefab using Guid(cd3dcaa4e5134d04c95af06384916f0c) Importer(815301076,1909f56bfc062723c751e8b465ee728b)  -> (artifact id: 'b65ae63b03fcf7f395b270302860c548') in 0.008837 seconds 
  Import took 0.012866 seconds .

========================================================================
Received Import Request.
  Time since last request: 32.572225 seconds.
  path: Assets/StatBlocks/FeedPersonStat.prefab
  artifactKey: Guid(cd3dcaa4e5134d04c95af06384916f0c) Importer(815301076,1909f56bfc062723c751e8b465ee728b)
Start importing Assets/StatBlocks/FeedPersonStat.prefab using Guid(cd3dcaa4e5134d04c95af06384916f0c) Importer(815301076,1909f56bfc062723c751e8b465ee728b)  -> (artifact id: 'e547550f193db9be141d7052c3ad937b') in 0.009099 seconds 
  Import took 0.012724 seconds .

========================================================================
Received Import Request.
  Time since last request: 27.188751 seconds.
  path: Assets/StatBlocks/PersonListStat.prefab
  artifactKey: Guid(ba06ad4e802dc7841980c164df32e11d) Importer(815301076,1909f56bfc062723c751e8b465ee728b)
Start importing Assets/StatBlocks/PersonListStat.prefab using Guid(ba06ad4e802dc7841980c164df32e11d) Importer(815301076,1909f56bfc062723c751e8b465ee728b)  -> (artifact id: '08d0e77f6fc07f7854caa77e4762b2a0') in 0.009491 seconds 
  Import took 0.013461 seconds .

========================================================================
Received Import Request.
  Time since last request: 3.668322 seconds.
  path: Assets/StatBlocks/PersonListStat.prefab
  artifactKey: Guid(ba06ad4e802dc7841980c164df32e11d) Importer(815301076,1909f56bfc062723c751e8b465ee728b)
Start importing Assets/StatBlocks/PersonListStat.prefab using Guid(ba06ad4e802dc7841980c164df32e11d) Importer(815301076,1909f56bfc062723c751e8b465ee728b)  -> (artifact id: 'e811d8bc8214833337f95107bbf78d59') in 0.008844 seconds 
  Import took 0.012253 seconds .

========================================================================
Received Import Request.
  Time since last request: 16.072174 seconds.
  path: Assets/StatBlocks/PersonListStat.prefab
  artifactKey: Guid(ba06ad4e802dc7841980c164df32e11d) Importer(815301076,1909f56bfc062723c751e8b465ee728b)
Start importing Assets/StatBlocks/PersonListStat.prefab using Guid(ba06ad4e802dc7841980c164df32e11d) Importer(815301076,1909f56bfc062723c751e8b465ee728b)  -> (artifact id: '7e8b26722d711374399af12bc7d6a8dd') in 0.008710 seconds 
  Import took 0.012529 seconds .

========================================================================
Received Import Request.
  Time since last request: 5.899297 seconds.
  path: Assets/StatBlocks/PersonStat.prefab
  artifactKey: Guid(0f02eff140872a54cb3b4a87185ad0ff) Importer(815301076,1909f56bfc062723c751e8b465ee728b)
Start importing Assets/StatBlocks/PersonStat.prefab using Guid(0f02eff140872a54cb3b4a87185ad0ff) Importer(815301076,1909f56bfc062723c751e8b465ee728b)  -> (artifact id: '012aff023cd6dfa44a9b8ffca0c66291') in 0.009483 seconds 
  Import took 0.012930 seconds .

========================================================================
Received Import Request.
  Time since last request: 1.861867 seconds.
  path: Assets/StatBlocks/PersonStat.prefab
  artifactKey: Guid(0f02eff140872a54cb3b4a87185ad0ff) Importer(815301076,1909f56bfc062723c751e8b465ee728b)
Start importing Assets/StatBlocks/PersonStat.prefab using Guid(0f02eff140872a54cb3b4a87185ad0ff) Importer(815301076,1909f56bfc062723c751e8b465ee728b)  -> (artifact id: 'fc6711bb77e7d64486f9ba02acfcdab3') in 0.010997 seconds 
  Import took 0.014735 seconds .

========================================================================
Received Import Request.
  Time since last request: 2.020478 seconds.
  path: Assets/StatBlocks/PersonStat.prefab
  artifactKey: Guid(0f02eff140872a54cb3b4a87185ad0ff) Importer(815301076,1909f56bfc062723c751e8b465ee728b)
Start importing Assets/StatBlocks/PersonStat.prefab using Guid(0f02eff140872a54cb3b4a87185ad0ff) Importer(815301076,1909f56bfc062723c751e8b465ee728b)  -> (artifact id: '913cc3ca6214ec4e0ca163890045feec') in 0.009524 seconds 
  Import took 0.013296 seconds .

========================================================================
Received Import Request.
  Time since last request: 2.619719 seconds.
  path: Assets/StatBlocks/PersonStat.prefab
  artifactKey: Guid(0f02eff140872a54cb3b4a87185ad0ff) Importer(815301076,1909f56bfc062723c751e8b465ee728b)
Start importing Assets/StatBlocks/PersonStat.prefab using Guid(0f02eff140872a54cb3b4a87185ad0ff) Importer(815301076,1909f56bfc062723c751e8b465ee728b)  -> (artifact id: '35f8b3158b035a38106fce52cfa47dc3') in 0.009343 seconds 
  Import took 0.014013 seconds .

========================================================================
Received Import Request.
  Time since last request: 1.223988 seconds.
  path: Assets/StatBlocks/PersonStat.prefab
  artifactKey: Guid(0f02eff140872a54cb3b4a87185ad0ff) Importer(815301076,1909f56bfc062723c751e8b465ee728b)
Start importing Assets/StatBlocks/PersonStat.prefab using Guid(0f02eff140872a54cb3b4a87185ad0ff) Importer(815301076,1909f56bfc062723c751e8b465ee728b)  -> (artifact id: '2c11eab152d9099a1542a049630a4178') in 0.010820 seconds 
  Import took 0.014935 seconds .

========================================================================
Received Import Request.
  Time since last request: 1.407528 seconds.
  path: Assets/StatBlocks/PersonStat.prefab
  artifactKey: Guid(0f02eff140872a54cb3b4a87185ad0ff) Importer(815301076,1909f56bfc062723c751e8b465ee728b)
Start importing Assets/StatBlocks/PersonStat.prefab using Guid(0f02eff140872a54cb3b4a87185ad0ff) Importer(815301076,1909f56bfc062723c751e8b465ee728b)  -> (artifact id: '857aadafa69874517ae2a8d4b20c259f') in 0.008108 seconds 
  Import took 0.011569 seconds .

========================================================================
Received Import Request.
  Time since last request: 5.038594 seconds.
  path: Assets/StatBlocks/PersonStat.prefab
  artifactKey: Guid(0f02eff140872a54cb3b4a87185ad0ff) Importer(815301076,1909f56bfc062723c751e8b465ee728b)
Start importing Assets/StatBlocks/PersonStat.prefab using Guid(0f02eff140872a54cb3b4a87185ad0ff) Importer(815301076,1909f56bfc062723c751e8b465ee728b)  -> (artifact id: 'be2d2b038bd0cf4bf0c254595fbef036') in 0.007905 seconds 
  Import took 0.011369 seconds .

========================================================================
Received Import Request.
  Time since last request: 1.706233 seconds.
  path: Assets/StatBlocks/PersonStat.prefab
  artifactKey: Guid(0f02eff140872a54cb3b4a87185ad0ff) Importer(815301076,1909f56bfc062723c751e8b465ee728b)
Start importing Assets/StatBlocks/PersonStat.prefab using Guid(0f02eff140872a54cb3b4a87185ad0ff) Importer(815301076,1909f56bfc062723c751e8b465ee728b)  -> (artifact id: 'bfffdc7e6f7f9b28ced315f42f51b219') in 0.009550 seconds 
  Import took 0.013050 seconds .

========================================================================
Received Import Request.
  Time since last request: 5.255811 seconds.
  path: Assets/StatBlocks/PersonStat.prefab
  artifactKey: Guid(0f02eff140872a54cb3b4a87185ad0ff) Importer(815301076,1909f56bfc062723c751e8b465ee728b)
Start importing Assets/StatBlocks/PersonStat.prefab using Guid(0f02eff140872a54cb3b4a87185ad0ff) Importer(815301076,1909f56bfc062723c751e8b465ee728b)  -> (artifact id: '53fdb78cd48ea4461f92d29cd8fc9615') in 0.010832 seconds 
  Import took 0.014914 seconds .

========================================================================
Received Import Request.
  Time since last request: 2.412223 seconds.
  path: Assets/StatBlocks/PersonStat.prefab
  artifactKey: Guid(0f02eff140872a54cb3b4a87185ad0ff) Importer(815301076,1909f56bfc062723c751e8b465ee728b)
Start importing Assets/StatBlocks/PersonStat.prefab using Guid(0f02eff140872a54cb3b4a87185ad0ff) Importer(815301076,1909f56bfc062723c751e8b465ee728b)  -> (artifact id: 'cf0a59e34501937c6f80d6ea4bfae839') in 0.008051 seconds 
  Import took 0.011462 seconds .

========================================================================
Received Import Request.
  Time since last request: 2.214301 seconds.
  path: Assets/StatBlocks/PersonStat.prefab
  artifactKey: Guid(0f02eff140872a54cb3b4a87185ad0ff) Importer(815301076,1909f56bfc062723c751e8b465ee728b)
Start importing Assets/StatBlocks/PersonStat.prefab using Guid(0f02eff140872a54cb3b4a87185ad0ff) Importer(815301076,1909f56bfc062723c751e8b465ee728b)  -> (artifact id: '257a43f06464d4b75267439305bafe92') in 0.008974 seconds 
  Import took 0.012914 seconds .

========================================================================
Received Import Request.
  Time since last request: 2.232421 seconds.
  path: Assets/StatBlocks/PersonStat.prefab
  artifactKey: Guid(0f02eff140872a54cb3b4a87185ad0ff) Importer(815301076,1909f56bfc062723c751e8b465ee728b)
Start importing Assets/StatBlocks/PersonStat.prefab using Guid(0f02eff140872a54cb3b4a87185ad0ff) Importer(815301076,1909f56bfc062723c751e8b465ee728b)  -> (artifact id: 'da4980016b26fc7261e753436be1da31') in 0.007915 seconds 
  Import took 0.011364 seconds .

========================================================================
Received Import Request.
  Time since last request: 1.669307 seconds.
  path: Assets/StatBlocks/PersonStat.prefab
  artifactKey: Guid(0f02eff140872a54cb3b4a87185ad0ff) Importer(815301076,1909f56bfc062723c751e8b465ee728b)
Start importing Assets/StatBlocks/PersonStat.prefab using Guid(0f02eff140872a54cb3b4a87185ad0ff) Importer(815301076,1909f56bfc062723c751e8b465ee728b)  -> (artifact id: '8821c16e50b5a2bb8ba2f49df6ae83fb') in 0.010957 seconds 
  Import took 0.015001 seconds .

========================================================================
Received Import Request.
  Time since last request: 9.158256 seconds.
  path: Assets/StatBlocks/PersonStat.prefab
  artifactKey: Guid(0f02eff140872a54cb3b4a87185ad0ff) Importer(815301076,1909f56bfc062723c751e8b465ee728b)
Start importing Assets/StatBlocks/PersonStat.prefab using Guid(0f02eff140872a54cb3b4a87185ad0ff) Importer(815301076,1909f56bfc062723c751e8b465ee728b)  -> (artifact id: 'e2f754944db5c2359e7263fe54be149e') in 0.008776 seconds 
  Import took 0.013294 seconds .

========================================================================
Received Import Request.
  Time since last request: 3.873130 seconds.
  path: Assets/StatBlocks/PersonStat.prefab
  artifactKey: Guid(0f02eff140872a54cb3b4a87185ad0ff) Importer(815301076,1909f56bfc062723c751e8b465ee728b)
Start importing Assets/StatBlocks/PersonStat.prefab using Guid(0f02eff140872a54cb3b4a87185ad0ff) Importer(815301076,1909f56bfc062723c751e8b465ee728b)  -> (artifact id: '89745172c7d32a6ffe854f1e92d0a117') in 0.011803 seconds 
  Import took 0.016637 seconds .

========================================================================
Received Import Request.
  Time since last request: 4.904747 seconds.
  path: Assets/StatBlocks/PersonStat.prefab
  artifactKey: Guid(0f02eff140872a54cb3b4a87185ad0ff) Importer(815301076,1909f56bfc062723c751e8b465ee728b)
Start importing Assets/StatBlocks/PersonStat.prefab using Guid(0f02eff140872a54cb3b4a87185ad0ff) Importer(815301076,1909f56bfc062723c751e8b465ee728b)  -> (artifact id: '04006fff6000b0cf9e1aa97043e6403e') in 0.010378 seconds 
  Import took 0.014362 seconds .

========================================================================
Received Import Request.
  Time since last request: 0.992571 seconds.
  path: Assets/StatBlocks/PersonStat.prefab
  artifactKey: Guid(0f02eff140872a54cb3b4a87185ad0ff) Importer(815301076,1909f56bfc062723c751e8b465ee728b)
Start importing Assets/StatBlocks/PersonStat.prefab using Guid(0f02eff140872a54cb3b4a87185ad0ff) Importer(815301076,1909f56bfc062723c751e8b465ee728b)  -> (artifact id: '310c0b6d73dc21d3893b38367b371517') in 0.009168 seconds 
  Import took 0.012617 seconds .

========================================================================
Received Prepare
Registering precompiled user dll's ...
Registered in 0.007279 seconds.
Begin MonoManager ReloadAssembly
Native extension for WindowsStandalone target not found
Refreshing native plugins compatible for Editor in 0.54 ms, found 2 plugins.
Preloading 0 native plugins for Editor in 0.00 ms.
Mono: successfully reloaded assembly
- Completed reload, in  1.818 seconds
Domain Reload Profiling:
	ReloadAssembly (1819ms)
		BeginReloadAssembly (262ms)
			ExecutionOrderSort (0ms)
			DisableScriptedObjects (8ms)
			BackupInstance (0ms)
			ReleaseScriptingObjects (0ms)
			CreateAndSetChildDomain (43ms)
		EndReloadAssembly (1405ms)
			LoadAssemblies (236ms)
			RebuildTransferFunctionScriptingTraits (0ms)
			SetupTypeCache (458ms)
			ReleaseScriptCaches (1ms)
			RebuildScriptCaches (62ms)
			SetupLoadedEditorAssemblies (546ms)
				LogAssemblyErrors (0ms)
				InitializePlatformSupportModulesInManaged (9ms)
				SetLoadedEditorAssemblies (1ms)
				RefreshPlugins (1ms)
				BeforeProcessingInitializeOnLoad (157ms)
				ProcessInitializeOnLoadAttributes (312ms)
				ProcessInitializeOnLoadMethodAttributes (16ms)
				AfterProcessingInitializeOnLoad (50ms)
				EditorAssembliesLoaded (0ms)
			ExecutionOrderSort2 (0ms)
			AwakeInstancesAfterBackupRestoration (11ms)
Platform modules already initialized, skipping
Refreshing native plugins compatible for Editor in 0.56 ms, found 2 plugins.
Preloading 0 native plugins for Editor in 0.00 ms.
Unloading 1513 Unused Serialized files (Serialized files now loaded: 0)
System memory in use before: 72.5 MB.
System memory in use after: 72.6 MB.

Unloading 15 unused Assets to reduce memory usage. Loaded Objects now: 1985.
Total: 3.902000 ms (FindLiveObjects: 0.189300 ms CreateObjectMapping: 0.084400 ms MarkObjects: 3.598100 ms  DeleteObjects: 0.028700 ms)

AssetImportParameters requested are different than current active one (requested -> active):
  custom:framework-win-MediaFoundation: 216162199b28c13a410421893ffa2e32 -> 
  custom:video-decoder-ogg-theora: a1e56fd34408186e4bbccfd4996cb3dc -> 
  custom:container-muxer-webm: aa71ff27fc2769a1b78a27578f13a17b -> 
  custom:container-demuxer-webm: 4f35f7cbe854078d1ac9338744f61a02 -> 
  custom:container-demuxer-ogg: 62fdf1f143b41e24485cea50d1cbac27 -> 
  custom:video-encoder-webm-vp8: eb34c28f22e8b96e1ab97ce403110664 -> 
  custom:video-decoder-webm-vp8: 9c59270c3fd7afecdb556c50c9e8de78 -> 
  custom:audio-decoder-ogg-vorbis: bf7c407c2cedff20999df2af8eb42d56 -> 
  custom:audio-encoder-webm-vorbis: bf7c407c2cedff20999df2af8eb42d56 -> 
========================================================================
Received Prepare
Registering precompiled user dll's ...
Registered in 0.007136 seconds.
Begin MonoManager ReloadAssembly
Native extension for WindowsStandalone target not found
Refreshing native plugins compatible for Editor in 0.54 ms, found 2 plugins.
Preloading 0 native plugins for Editor in 0.00 ms.
Mono: successfully reloaded assembly
- Completed reload, in  1.908 seconds
Domain Reload Profiling:
	ReloadAssembly (1908ms)
		BeginReloadAssembly (280ms)
			ExecutionOrderSort (0ms)
			DisableScriptedObjects (8ms)
			BackupInstance (0ms)
			ReleaseScriptingObjects (0ms)
			CreateAndSetChildDomain (50ms)
		EndReloadAssembly (1463ms)
			LoadAssemblies (244ms)
			RebuildTransferFunctionScriptingTraits (0ms)
			SetupTypeCache (470ms)
			ReleaseScriptCaches (1ms)
			RebuildScriptCaches (67ms)
			SetupLoadedEditorAssemblies (565ms)
				LogAssemblyErrors (0ms)
				InitializePlatformSupportModulesInManaged (10ms)
				SetLoadedEditorAssemblies (1ms)
				RefreshPlugins (1ms)
				BeforeProcessingInitializeOnLoad (158ms)
				ProcessInitializeOnLoadAttributes (329ms)
				ProcessInitializeOnLoadMethodAttributes (17ms)
				AfterProcessingInitializeOnLoad (50ms)
				EditorAssembliesLoaded (0ms)
			ExecutionOrderSort2 (0ms)
			AwakeInstancesAfterBackupRestoration (11ms)
Platform modules already initialized, skipping
Refreshing native plugins compatible for Editor in 0.74 ms, found 2 plugins.
Preloading 0 native plugins for Editor in 0.00 ms.
Unloading 1513 Unused Serialized files (Serialized files now loaded: 0)
System memory in use before: 72.5 MB.
System memory in use after: 72.6 MB.

Unloading 14 unused Assets to reduce memory usage. Loaded Objects now: 1988.
Total: 3.982100 ms (FindLiveObjects: 0.204500 ms CreateObjectMapping: 0.084000 ms MarkObjects: 3.666700 ms  DeleteObjects: 0.025000 ms)

AssetImportParameters requested are different than current active one (requested -> active):
  custom:framework-win-MediaFoundation: 216162199b28c13a410421893ffa2e32 -> 
  custom:video-decoder-ogg-theora: a1e56fd34408186e4bbccfd4996cb3dc -> 
  custom:container-muxer-webm: aa71ff27fc2769a1b78a27578f13a17b -> 
  custom:container-demuxer-webm: 4f35f7cbe854078d1ac9338744f61a02 -> 
  custom:container-demuxer-ogg: 62fdf1f143b41e24485cea50d1cbac27 -> 
  custom:video-encoder-webm-vp8: eb34c28f22e8b96e1ab97ce403110664 -> 
  custom:video-decoder-webm-vp8: 9c59270c3fd7afecdb556c50c9e8de78 -> 
  custom:audio-decoder-ogg-vorbis: bf7c407c2cedff20999df2af8eb42d56 -> 
  custom:audio-encoder-webm-vorbis: bf7c407c2cedff20999df2af8eb42d56 -> 
========================================================================
Received Prepare
Registering precompiled user dll's ...
Registered in 0.006683 seconds.
Begin MonoManager ReloadAssembly
Native extension for WindowsStandalone target not found
Refreshing native plugins compatible for Editor in 0.54 ms, found 2 plugins.
Preloading 0 native plugins for Editor in 0.00 ms.
Mono: successfully reloaded assembly
- Completed reload, in  1.887 seconds
Domain Reload Profiling:
	ReloadAssembly (1888ms)
		BeginReloadAssembly (264ms)
			ExecutionOrderSort (0ms)
			DisableScriptedObjects (8ms)
			BackupInstance (0ms)
			ReleaseScriptingObjects (0ms)
			CreateAndSetChildDomain (42ms)
		EndReloadAssembly (1463ms)
			LoadAssemblies (245ms)
			RebuildTransferFunctionScriptingTraits (0ms)
			SetupTypeCache (477ms)
			ReleaseScriptCaches (1ms)
			RebuildScriptCaches (65ms)
			SetupLoadedEditorAssemblies (568ms)
				LogAssemblyErrors (0ms)
				InitializePlatformSupportModulesInManaged (9ms)
				SetLoadedEditorAssemblies (1ms)
				RefreshPlugins (1ms)
				BeforeProcessingInitializeOnLoad (156ms)
				ProcessInitializeOnLoadAttributes (323ms)
				ProcessInitializeOnLoadMethodAttributes (19ms)
				AfterProcessingInitializeOnLoad (59ms)
				EditorAssembliesLoaded (0ms)
			ExecutionOrderSort2 (0ms)
			AwakeInstancesAfterBackupRestoration (13ms)
Platform modules already initialized, skipping
Refreshing native plugins compatible for Editor in 0.55 ms, found 2 plugins.
Preloading 0 native plugins for Editor in 0.00 ms.
Unloading 1513 Unused Serialized files (Serialized files now loaded: 0)
System memory in use before: 72.5 MB.
System memory in use after: 72.6 MB.

Unloading 14 unused Assets to reduce memory usage. Loaded Objects now: 1991.
Total: 3.799200 ms (FindLiveObjects: 0.198900 ms CreateObjectMapping: 0.083400 ms MarkObjects: 3.484700 ms  DeleteObjects: 0.030300 ms)

AssetImportParameters requested are different than current active one (requested -> active):
  custom:framework-win-MediaFoundation: 216162199b28c13a410421893ffa2e32 -> 
  custom:video-decoder-ogg-theora: a1e56fd34408186e4bbccfd4996cb3dc -> 
  custom:container-muxer-webm: aa71ff27fc2769a1b78a27578f13a17b -> 
  custom:container-demuxer-webm: 4f35f7cbe854078d1ac9338744f61a02 -> 
  custom:container-demuxer-ogg: 62fdf1f143b41e24485cea50d1cbac27 -> 
  custom:video-encoder-webm-vp8: eb34c28f22e8b96e1ab97ce403110664 -> 
  custom:video-decoder-webm-vp8: 9c59270c3fd7afecdb556c50c9e8de78 -> 
  custom:audio-decoder-ogg-vorbis: bf7c407c2cedff20999df2af8eb42d56 -> 
  custom:audio-encoder-webm-vorbis: bf7c407c2cedff20999df2af8eb42d56 -> 
========================================================================
Received Prepare
Registering precompiled user dll's ...
Registered in 0.006744 seconds.
Begin MonoManager ReloadAssembly
Native extension for WindowsStandalone target not found
Refreshing native plugins compatible for Editor in 0.55 ms, found 2 plugins.
Preloading 0 native plugins for Editor in 0.00 ms.
Mono: successfully reloaded assembly
- Completed reload, in  1.826 seconds
Domain Reload Profiling:
	ReloadAssembly (1826ms)
		BeginReloadAssembly (265ms)
			ExecutionOrderSort (0ms)
			DisableScriptedObjects (8ms)
			BackupInstance (0ms)
			ReleaseScriptingObjects (0ms)
			CreateAndSetChildDomain (42ms)
		EndReloadAssembly (1410ms)
			LoadAssemblies (237ms)
			RebuildTransferFunctionScriptingTraits (0ms)
			SetupTypeCache (470ms)
			ReleaseScriptCaches (1ms)
			RebuildScriptCaches (62ms)
			SetupLoadedEditorAssemblies (543ms)
				LogAssemblyErrors (0ms)
				InitializePlatformSupportModulesInManaged (10ms)
				SetLoadedEditorAssemblies (1ms)
				RefreshPlugins (1ms)
				BeforeProcessingInitializeOnLoad (151ms)
				ProcessInitializeOnLoadAttributes (313ms)
				ProcessInitializeOnLoadMethodAttributes (17ms)
				AfterProcessingInitializeOnLoad (51ms)
				EditorAssembliesLoaded (0ms)
			ExecutionOrderSort2 (0ms)
			AwakeInstancesAfterBackupRestoration (11ms)
Platform modules already initialized, skipping
Refreshing native plugins compatible for Editor in 0.55 ms, found 2 plugins.
Preloading 0 native plugins for Editor in 0.00 ms.
Unloading 1513 Unused Serialized files (Serialized files now loaded: 0)
System memory in use before: 72.5 MB.
System memory in use after: 72.6 MB.

Unloading 14 unused Assets to reduce memory usage. Loaded Objects now: 1994.
Total: 4.927600 ms (FindLiveObjects: 0.183100 ms CreateObjectMapping: 0.083400 ms MarkObjects: 4.635500 ms  DeleteObjects: 0.023800 ms)

AssetImportParameters requested are different than current active one (requested -> active):
  custom:framework-win-MediaFoundation: 216162199b28c13a410421893ffa2e32 -> 
  custom:video-decoder-ogg-theora: a1e56fd34408186e4bbccfd4996cb3dc -> 
  custom:container-muxer-webm: aa71ff27fc2769a1b78a27578f13a17b -> 
  custom:container-demuxer-webm: 4f35f7cbe854078d1ac9338744f61a02 -> 
  custom:container-demuxer-ogg: 62fdf1f143b41e24485cea50d1cbac27 -> 
  custom:video-encoder-webm-vp8: eb34c28f22e8b96e1ab97ce403110664 -> 
  custom:video-decoder-webm-vp8: 9c59270c3fd7afecdb556c50c9e8de78 -> 
  custom:audio-decoder-ogg-vorbis: bf7c407c2cedff20999df2af8eb42d56 -> 
  custom:audio-encoder-webm-vorbis: bf7c407c2cedff20999df2af8eb42d56 -> 
========================================================================
Received Import Request.
  Time since last request: 840.303133 seconds.
  path: Assets/Scripts/MouseRay.cs
  artifactKey: Guid(c1f691500cb5a0a4cba9fd545fe4f343) Importer(815301076,1909f56bfc062723c751e8b465ee728b)
Start importing Assets/Scripts/MouseRay.cs using Guid(c1f691500cb5a0a4cba9fd545fe4f343) Importer(815301076,1909f56bfc062723c751e8b465ee728b)  -> (artifact id: 'f45163af8b79b446d92391937d2f90d1') in 0.022125 seconds 
  Import took 0.025467 seconds .

========================================================================
Received Import Request.
  Time since last request: 162.246098 seconds.
  path: Assets/Scripts/MouseRay.cs
  artifactKey: Guid(c1f691500cb5a0a4cba9fd545fe4f343) Importer(815301076,1909f56bfc062723c751e8b465ee728b)
Start importing Assets/Scripts/MouseRay.cs using Guid(c1f691500cb5a0a4cba9fd545fe4f343) Importer(815301076,1909f56bfc062723c751e8b465ee728b)  -> (artifact id: '8451b393ad217d586cad1721e95ccdae') in 0.003357 seconds 
  Import took 0.007495 seconds .

========================================================================
Received Prepare
Registering precompiled user dll's ...
Registered in 0.006793 seconds.
Begin MonoManager ReloadAssembly
Native extension for WindowsStandalone target not found
Refreshing native plugins compatible for Editor in 0.53 ms, found 2 plugins.
Preloading 0 native plugins for Editor in 0.00 ms.
Mono: successfully reloaded assembly
- Completed reload, in  1.826 seconds
Domain Reload Profiling:
	ReloadAssembly (1827ms)
		BeginReloadAssembly (265ms)
			ExecutionOrderSort (0ms)
			DisableScriptedObjects (8ms)
			BackupInstance (0ms)
			ReleaseScriptingObjects (0ms)
			CreateAndSetChildDomain (41ms)
		EndReloadAssembly (1406ms)
			LoadAssemblies (247ms)
			RebuildTransferFunctionScriptingTraits (0ms)
			SetupTypeCache (457ms)
			ReleaseScriptCaches (1ms)
			RebuildScriptCaches (60ms)
			SetupLoadedEditorAssemblies (554ms)
				LogAssemblyErrors (0ms)
				InitializePlatformSupportModulesInManaged (9ms)
				SetLoadedEditorAssemblies (1ms)
				RefreshPlugins (1ms)
				BeforeProcessingInitializeOnLoad (152ms)
				ProcessInitializeOnLoadAttributes (324ms)
				ProcessInitializeOnLoadMethodAttributes (17ms)
				AfterProcessingInitializeOnLoad (51ms)
				EditorAssembliesLoaded (0ms)
			ExecutionOrderSort2 (0ms)
			AwakeInstancesAfterBackupRestoration (11ms)
Platform modules already initialized, skipping
Refreshing native plugins compatible for Editor in 0.55 ms, found 2 plugins.
Preloading 0 native plugins for Editor in 0.00 ms.
Unloading 1513 Unused Serialized files (Serialized files now loaded: 0)
System memory in use before: 72.5 MB.
System memory in use after: 72.6 MB.

Unloading 14 unused Assets to reduce memory usage. Loaded Objects now: 1997.
Total: 3.786400 ms (FindLiveObjects: 0.193800 ms CreateObjectMapping: 0.083700 ms MarkObjects: 3.485400 ms  DeleteObjects: 0.021800 ms)

AssetImportParameters requested are different than current active one (requested -> active):
  custom:framework-win-MediaFoundation: 216162199b28c13a410421893ffa2e32 -> 
  custom:video-decoder-ogg-theora: a1e56fd34408186e4bbccfd4996cb3dc -> 
  custom:container-muxer-webm: aa71ff27fc2769a1b78a27578f13a17b -> 
  custom:container-demuxer-webm: 4f35f7cbe854078d1ac9338744f61a02 -> 
  custom:container-demuxer-ogg: 62fdf1f143b41e24485cea50d1cbac27 -> 
  custom:video-encoder-webm-vp8: eb34c28f22e8b96e1ab97ce403110664 -> 
  custom:video-decoder-webm-vp8: 9c59270c3fd7afecdb556c50c9e8de78 -> 
  custom:audio-decoder-ogg-vorbis: bf7c407c2cedff20999df2af8eb42d56 -> 
  custom:audio-encoder-webm-vorbis: bf7c407c2cedff20999df2af8eb42d56 -> 
========================================================================
Received Prepare
Registering precompiled user dll's ...
Registered in 0.006742 seconds.
Begin MonoManager ReloadAssembly
Native extension for WindowsStandalone target not found
Refreshing native plugins compatible for Editor in 0.80 ms, found 2 plugins.
Preloading 0 native plugins for Editor in 0.00 ms.
Mono: successfully reloaded assembly
- Completed reload, in  2.306 seconds
Domain Reload Profiling:
	ReloadAssembly (2307ms)
		BeginReloadAssembly (289ms)
			ExecutionOrderSort (0ms)
			DisableScriptedObjects (9ms)
			BackupInstance (0ms)
			ReleaseScriptingObjects (0ms)
			CreateAndSetChildDomain (48ms)
		EndReloadAssembly (1838ms)
			LoadAssemblies (272ms)
			RebuildTransferFunctionScriptingTraits (0ms)
			SetupTypeCache (681ms)
			ReleaseScriptCaches (1ms)
			RebuildScriptCaches (88ms)
			SetupLoadedEditorAssemblies (651ms)
				LogAssemblyErrors (0ms)
				InitializePlatformSupportModulesInManaged (12ms)
				SetLoadedEditorAssemblies (1ms)
				RefreshPlugins (1ms)
				BeforeProcessingInitializeOnLoad (175ms)
				ProcessInitializeOnLoadAttributes (381ms)
				ProcessInitializeOnLoadMethodAttributes (21ms)
				AfterProcessingInitializeOnLoad (59ms)
				EditorAssembliesLoaded (0ms)
			ExecutionOrderSort2 (0ms)
			AwakeInstancesAfterBackupRestoration (15ms)
Platform modules already initialized, skipping
Refreshing native plugins compatible for Editor in 0.89 ms, found 2 plugins.
Preloading 0 native plugins for Editor in 0.00 ms.
Unloading 1513 Unused Serialized files (Serialized files now loaded: 0)
System memory in use before: 72.5 MB.
System memory in use after: 72.6 MB.

Unloading 14 unused Assets to reduce memory usage. Loaded Objects now: 2000.
Total: 5.334600 ms (FindLiveObjects: 0.380100 ms CreateObjectMapping: 0.125200 ms MarkObjects: 4.791000 ms  DeleteObjects: 0.036300 ms)

AssetImportParameters requested are different than current active one (requested -> active):
  custom:framework-win-MediaFoundation: 216162199b28c13a410421893ffa2e32 -> 
  custom:video-decoder-ogg-theora: a1e56fd34408186e4bbccfd4996cb3dc -> 
  custom:container-muxer-webm: aa71ff27fc2769a1b78a27578f13a17b -> 
  custom:container-demuxer-webm: 4f35f7cbe854078d1ac9338744f61a02 -> 
  custom:container-demuxer-ogg: 62fdf1f143b41e24485cea50d1cbac27 -> 
  custom:video-encoder-webm-vp8: eb34c28f22e8b96e1ab97ce403110664 -> 
  custom:video-decoder-webm-vp8: 9c59270c3fd7afecdb556c50c9e8de78 -> 
  custom:audio-decoder-ogg-vorbis: bf7c407c2cedff20999df2af8eb42d56 -> 
  custom:audio-encoder-webm-vorbis: bf7c407c2cedff20999df2af8eb42d56 -> 
========================================================================
Received Import Request.
  Time since last request: 50.116493 seconds.
  path: Assets/Scripts/MouseRay.cs
  artifactKey: Guid(c1f691500cb5a0a4cba9fd545fe4f343) Importer(815301076,1909f56bfc062723c751e8b465ee728b)
Start importing Assets/Scripts/MouseRay.cs using Guid(c1f691500cb5a0a4cba9fd545fe4f343) Importer(815301076,1909f56bfc062723c751e8b465ee728b)  -> (artifact id: '4c636f5b988bccd84c9a522856899ded') in 0.011441 seconds 
  Import took 0.015996 seconds .

========================================================================
Received Import Request.
  Time since last request: 121.876259 seconds.
  path: Assets/Scripts/MouseRay.cs
  artifactKey: Guid(c1f691500cb5a0a4cba9fd545fe4f343) Importer(815301076,1909f56bfc062723c751e8b465ee728b)
Start importing Assets/Scripts/MouseRay.cs using Guid(c1f691500cb5a0a4cba9fd545fe4f343) Importer(815301076,1909f56bfc062723c751e8b465ee728b)  -> (artifact id: 'cbce89523c99bea89dfe64bd240b7d7c') in 0.009909 seconds 
  Import took 0.013896 seconds .

========================================================================
Received Prepare
Registering precompiled user dll's ...
Registered in 0.007705 seconds.
Begin MonoManager ReloadAssembly
Native extension for WindowsStandalone target not found
Refreshing native plugins compatible for Editor in 0.53 ms, found 2 plugins.
Preloading 0 native plugins for Editor in 0.00 ms.
Mono: successfully reloaded assembly
- Completed reload, in  1.899 seconds
Domain Reload Profiling:
	ReloadAssembly (1900ms)
		BeginReloadAssembly (266ms)
			ExecutionOrderSort (0ms)
			DisableScriptedObjects (8ms)
			BackupInstance (0ms)
			ReleaseScriptingObjects (0ms)
			CreateAndSetChildDomain (44ms)
		EndReloadAssembly (1467ms)
			LoadAssemblies (247ms)
			RebuildTransferFunctionScriptingTraits (0ms)
			SetupTypeCache (500ms)
			ReleaseScriptCaches (1ms)
			RebuildScriptCaches (73ms)
			SetupLoadedEditorAssemblies (553ms)
				LogAssemblyErrors (0ms)
				InitializePlatformSupportModulesInManaged (11ms)
				SetLoadedEditorAssemblies (1ms)
				RefreshPlugins (1ms)
				BeforeProcessingInitializeOnLoad (154ms)
				ProcessInitializeOnLoadAttributes (321ms)
				ProcessInitializeOnLoadMethodAttributes (16ms)
				AfterProcessingInitializeOnLoad (50ms)
				EditorAssembliesLoaded (0ms)
			ExecutionOrderSort2 (0ms)
			AwakeInstancesAfterBackupRestoration (12ms)
Platform modules already initialized, skipping
Refreshing native plugins compatible for Editor in 0.55 ms, found 2 plugins.
Preloading 0 native plugins for Editor in 0.00 ms.
Unloading 1513 Unused Serialized files (Serialized files now loaded: 0)
System memory in use before: 72.5 MB.
System memory in use after: 72.6 MB.

Unloading 14 unused Assets to reduce memory usage. Loaded Objects now: 2003.
Total: 3.776400 ms (FindLiveObjects: 0.193000 ms CreateObjectMapping: 0.084000 ms MarkObjects: 3.478300 ms  DeleteObjects: 0.019500 ms)

AssetImportParameters requested are different than current active one (requested -> active):
  custom:framework-win-MediaFoundation: 216162199b28c13a410421893ffa2e32 -> 
  custom:video-decoder-ogg-theora: a1e56fd34408186e4bbccfd4996cb3dc -> 
  custom:container-muxer-webm: aa71ff27fc2769a1b78a27578f13a17b -> 
  custom:container-demuxer-webm: 4f35f7cbe854078d1ac9338744f61a02 -> 
  custom:container-demuxer-ogg: 62fdf1f143b41e24485cea50d1cbac27 -> 
  custom:video-encoder-webm-vp8: eb34c28f22e8b96e1ab97ce403110664 -> 
  custom:video-decoder-webm-vp8: 9c59270c3fd7afecdb556c50c9e8de78 -> 
  custom:audio-decoder-ogg-vorbis: bf7c407c2cedff20999df2af8eb42d56 -> 
  custom:audio-encoder-webm-vorbis: bf7c407c2cedff20999df2af8eb42d56 -> 
========================================================================
Received Prepare
Registering precompiled user dll's ...
Registered in 0.006830 seconds.
Begin MonoManager ReloadAssembly
Native extension for WindowsStandalone target not found
Refreshing native plugins compatible for Editor in 0.54 ms, found 2 plugins.
Preloading 0 native plugins for Editor in 0.00 ms.
Mono: successfully reloaded assembly
- Completed reload, in  2.069 seconds
Domain Reload Profiling:
	ReloadAssembly (2070ms)
		BeginReloadAssembly (315ms)
			ExecutionOrderSort (0ms)
			DisableScriptedObjects (8ms)
			BackupInstance (0ms)
			ReleaseScriptingObjects (0ms)
			CreateAndSetChildDomain (41ms)
		EndReloadAssembly (1590ms)
			LoadAssemblies (301ms)
			RebuildTransferFunctionScriptingTraits (0ms)
			SetupTypeCache (503ms)
			ReleaseScriptCaches (1ms)
			RebuildScriptCaches (69ms)
			SetupLoadedEditorAssemblies (667ms)
				LogAssemblyErrors (0ms)
				InitializePlatformSupportModulesInManaged (10ms)
				SetLoadedEditorAssemblies (1ms)
				RefreshPlugins (1ms)
				BeforeProcessingInitializeOnLoad (158ms)
				ProcessInitializeOnLoadAttributes (407ms)
				ProcessInitializeOnLoadMethodAttributes (20ms)
				AfterProcessingInitializeOnLoad (70ms)
				EditorAssembliesLoaded (1ms)
			ExecutionOrderSort2 (0ms)
			AwakeInstancesAfterBackupRestoration (12ms)
Platform modules already initialized, skipping
Refreshing native plugins compatible for Editor in 0.59 ms, found 2 plugins.
Preloading 0 native plugins for Editor in 0.00 ms.
Unloading 1513 Unused Serialized files (Serialized files now loaded: 0)
System memory in use before: 72.5 MB.
System memory in use after: 72.7 MB.

Unloading 14 unused Assets to reduce memory usage. Loaded Objects now: 2006.
Total: 3.953600 ms (FindLiveObjects: 0.219300 ms CreateObjectMapping: 0.105100 ms MarkObjects: 3.604800 ms  DeleteObjects: 0.022600 ms)

AssetImportParameters requested are different than current active one (requested -> active):
  custom:framework-win-MediaFoundation: 216162199b28c13a410421893ffa2e32 -> 
  custom:video-decoder-ogg-theora: a1e56fd34408186e4bbccfd4996cb3dc -> 
  custom:container-muxer-webm: aa71ff27fc2769a1b78a27578f13a17b -> 
  custom:container-demuxer-webm: 4f35f7cbe854078d1ac9338744f61a02 -> 
  custom:container-demuxer-ogg: 62fdf1f143b41e24485cea50d1cbac27 -> 
  custom:video-encoder-webm-vp8: eb34c28f22e8b96e1ab97ce403110664 -> 
  custom:video-decoder-webm-vp8: 9c59270c3fd7afecdb556c50c9e8de78 -> 
  custom:audio-decoder-ogg-vorbis: bf7c407c2cedff20999df2af8eb42d56 -> 
  custom:audio-encoder-webm-vorbis: bf7c407c2cedff20999df2af8eb42d56 -> 
AssetImportWorkerClient::OnTransportError - code=2 error=End of file
