Using pre-set license
Built from '2020.3/staging' branch; Version is '2020.3.22f1 (e1a7f79fd887) revision 14788599'; Using compiler version '192528614'; Build Type 'Release'
OS: 'Windows 10 Home; OS build 19044.1826; Version 2009; 64bit' Language: 'ru' Physical Memory: 8151 MB
BatchMode: 1, IsHumanControllingUs: 0, StartBugReporterOnCrash: 0, Is64bit: 1, IsPro: 0

COMMAND LINE ARGUMENTS:
C:\Program Files\Unity\Hub\Editor\2020.3.22f1\Editor\Unity.exe
-adb2
-batchMode
-noUpm
-name
AssetImportWorker0
-projectPath
E:/game/Empire portal
-logFile
Logs/AssetImportWorker0.log
-srvPort
51636
Successfully changed project path to: E:/game/Empire portal
E:/game/Empire portal
Using Asset Import Pipeline V2.
Refreshing native plugins compatible for Editor in 64.23 ms, found 2 plugins.
Preloading 0 native plugins for Editor in 0.00 ms.
Initialize engine version: 2020.3.22f1 (e1a7f79fd887)
[Subsystems] Discovering subsystems at path C:/Program Files/Unity/Hub/Editor/2020.3.22f1/Editor/Data/Resources/UnitySubsystems
[Subsystems] Discovering subsystems at path E:/game/Empire portal/Assets
GfxDevice: creating device client; threaded=0
Direct3D:
    Version:  Direct3D 11.0 [level 11.0]
    Renderer: NVIDIA GeForce GTX 750 Ti (ID=0x1380)
    Vendor:   
    VRAM:     2007 MB
    Driver:   30.0.15.1259
Initialize mono
Mono path[0] = 'C:/Program Files/Unity/Hub/Editor/2020.3.22f1/Editor/Data/Managed'
Mono path[1] = 'C:/Program Files/Unity/Hub/Editor/2020.3.22f1/Editor/Data/MonoBleedingEdge/lib/mono/unityjit'
Mono config path = 'C:/Program Files/Unity/Hub/Editor/2020.3.22f1/Editor/Data/MonoBleedingEdge/etc'
Using monoOptions --debugger-agent=transport=dt_socket,embedding=1,server=y,suspend=n,address=127.0.0.1:56496
Begin MonoManager ReloadAssembly
Registering precompiled unity dll's ...
Register platform support module: C:/Program Files/Unity/Hub/Editor/2020.3.22f1/Editor/Data/PlaybackEngines/WindowsStandaloneSupport/UnityEditor.WindowsStandalone.Extensions.dll
Registered in 0.027470 seconds.
Native extension for WindowsStandalone target not found
Refreshing native plugins compatible for Editor in 56.52 ms, found 2 plugins.
Preloading 0 native plugins for Editor in 0.00 ms.
Mono: successfully reloaded assembly
- Completed reload, in  4.272 seconds
Domain Reload Profiling:
	ReloadAssembly (4272ms)
		BeginReloadAssembly (210ms)
			ExecutionOrderSort (0ms)
			DisableScriptedObjects (0ms)
			BackupInstance (0ms)
			ReleaseScriptingObjects (0ms)
			CreateAndSetChildDomain (2ms)
		EndReloadAssembly (851ms)
			LoadAssemblies (193ms)
			RebuildTransferFunctionScriptingTraits (0ms)
			SetupTypeCache (285ms)
			ReleaseScriptCaches (0ms)
			RebuildScriptCaches (56ms)
			SetupLoadedEditorAssemblies (278ms)
				LogAssemblyErrors (0ms)
				InitializePlatformSupportModulesInManaged (7ms)
				SetLoadedEditorAssemblies (0ms)
				RefreshPlugins (57ms)
				BeforeProcessingInitializeOnLoad (23ms)
				ProcessInitializeOnLoadAttributes (137ms)
				ProcessInitializeOnLoadMethodAttributes (54ms)
				AfterProcessingInitializeOnLoad (0ms)
				EditorAssembliesLoaded (0ms)
			ExecutionOrderSort2 (0ms)
			AwakeInstancesAfterBackupRestoration (0ms)
Platform modules already initialized, skipping
Registering precompiled user dll's ...
Registered in 0.009892 seconds.
Begin MonoManager ReloadAssembly
Native extension for WindowsStandalone target not found
Refreshing native plugins compatible for Editor in 0.94 ms, found 2 plugins.
Preloading 0 native plugins for Editor in 0.00 ms.
Mono: successfully reloaded assembly
- Completed reload, in  2.225 seconds
Domain Reload Profiling:
	ReloadAssembly (2226ms)
		BeginReloadAssembly (345ms)
			ExecutionOrderSort (0ms)
			DisableScriptedObjects (8ms)
			BackupInstance (0ms)
			ReleaseScriptingObjects (0ms)
			CreateAndSetChildDomain (25ms)
		EndReloadAssembly (1716ms)
			LoadAssemblies (257ms)
			RebuildTransferFunctionScriptingTraits (0ms)
			SetupTypeCache (550ms)
			ReleaseScriptCaches (1ms)
			RebuildScriptCaches (77ms)
			SetupLoadedEditorAssemblies (680ms)
				LogAssemblyErrors (0ms)
				InitializePlatformSupportModulesInManaged (12ms)
				SetLoadedEditorAssemblies (1ms)
				RefreshPlugins (1ms)
				BeforeProcessingInitializeOnLoad (194ms)
				ProcessInitializeOnLoadAttributes (400ms)
				ProcessInitializeOnLoadMethodAttributes (17ms)
				AfterProcessingInitializeOnLoad (55ms)
				EditorAssembliesLoaded (0ms)
			ExecutionOrderSort2 (0ms)
			AwakeInstancesAfterBackupRestoration (11ms)
Platform modules already initialized, skipping
========================================================================
Worker process is ready to serve import requests
Launched and connected shader compiler UnityShaderCompiler.exe after 0.08 seconds
Refreshing native plugins compatible for Editor in 0.81 ms, found 2 plugins.
Preloading 0 native plugins for Editor in 0.00 ms.
Unloading 1578 Unused Serialized files (Serialized files now loaded: 0)
System memory in use before: 148.7 MB.
System memory in use after: 148.8 MB.

Unloading 19 unused Assets to reduce memory usage. Loaded Objects now: 2031.
Total: 5.340800 ms (FindLiveObjects: 0.210000 ms CreateObjectMapping: 0.089400 ms MarkObjects: 4.903800 ms  DeleteObjects: 0.135300 ms)

AssetImportParameters requested are different than current active one (requested -> active):
  custom:framework-win-MediaFoundation: 216162199b28c13a410421893ffa2e32 -> 
  custom:video-decoder-ogg-theora: a1e56fd34408186e4bbccfd4996cb3dc -> 
  custom:container-muxer-webm: aa71ff27fc2769a1b78a27578f13a17b -> 
  custom:container-demuxer-webm: 4f35f7cbe854078d1ac9338744f61a02 -> 
  custom:container-demuxer-ogg: 62fdf1f143b41e24485cea50d1cbac27 -> 
  custom:video-encoder-webm-vp8: eb34c28f22e8b96e1ab97ce403110664 -> 
  custom:video-decoder-webm-vp8: 9c59270c3fd7afecdb556c50c9e8de78 -> 
  custom:audio-decoder-ogg-vorbis: bf7c407c2cedff20999df2af8eb42d56 -> 
  custom:audio-encoder-webm-vorbis: bf7c407c2cedff20999df2af8eb42d56 -> 
========================================================================
Received Import Request.
  path: Assets/Scripts/BuildingsGrid.cs
  artifactKey: Guid(cc0385d4fbe793447bb5cdf4594ddaef) Importer(815301076,1909f56bfc062723c751e8b465ee728b)
Start importing Assets/Scripts/BuildingsGrid.cs using Guid(cc0385d4fbe793447bb5cdf4594ddaef) Importer(815301076,1909f56bfc062723c751e8b465ee728b)  -> (artifact id: 'de5b265c35b210ea536098037c41e3f2') in 0.066892 seconds 
  Import took 0.073570 seconds .

========================================================================
Received Import Request.
  Time since last request: 148.420490 seconds.
  path: Assets/Scripts/BuildingsGrid.cs
  artifactKey: Guid(cc0385d4fbe793447bb5cdf4594ddaef) Importer(815301076,1909f56bfc062723c751e8b465ee728b)
Start importing Assets/Scripts/BuildingsGrid.cs using Guid(cc0385d4fbe793447bb5cdf4594ddaef) Importer(815301076,1909f56bfc062723c751e8b465ee728b)  -> (artifact id: 'e88a0c8c737ff6a27dc01c252d9e8cd6') in 0.009078 seconds 
  Import took 0.019928 seconds .

========================================================================
Received Import Request.
  Time since last request: 73.498550 seconds.
  path: Assets/Scripts/BuildingsGrid.cs
  artifactKey: Guid(cc0385d4fbe793447bb5cdf4594ddaef) Importer(815301076,1909f56bfc062723c751e8b465ee728b)
Start importing Assets/Scripts/BuildingsGrid.cs using Guid(cc0385d4fbe793447bb5cdf4594ddaef) Importer(815301076,1909f56bfc062723c751e8b465ee728b)  -> (artifact id: '5bcc79a332dafbc33a8762d33939a39f') in 0.007433 seconds 
  Import took 0.013512 seconds .

========================================================================
Received Import Request.
  Time since last request: 20.507558 seconds.
  path: Assets/Scripts/BuildingsGrid.cs
  artifactKey: Guid(cc0385d4fbe793447bb5cdf4594ddaef) Importer(815301076,1909f56bfc062723c751e8b465ee728b)
Start importing Assets/Scripts/BuildingsGrid.cs using Guid(cc0385d4fbe793447bb5cdf4594ddaef) Importer(815301076,1909f56bfc062723c751e8b465ee728b)  -> (artifact id: '068a3b821b38f50dec5d34604d27a47a') in 0.003160 seconds 
  Import took 0.006850 seconds .

========================================================================
Received Import Request.
  Time since last request: 67.210795 seconds.
  path: Assets/Scripts/BuildingsGrid.cs
  artifactKey: Guid(cc0385d4fbe793447bb5cdf4594ddaef) Importer(815301076,1909f56bfc062723c751e8b465ee728b)
Start importing Assets/Scripts/BuildingsGrid.cs using Guid(cc0385d4fbe793447bb5cdf4594ddaef) Importer(815301076,1909f56bfc062723c751e8b465ee728b)  -> (artifact id: 'dfd117da2e07f62ac822b33412cbd0b6') in 0.003593 seconds 
  Import took 0.006975 seconds .

========================================================================
Received Import Request.
  Time since last request: 13.473688 seconds.
  path: Assets/Scripts/BuildingsGrid.cs
  artifactKey: Guid(cc0385d4fbe793447bb5cdf4594ddaef) Importer(815301076,1909f56bfc062723c751e8b465ee728b)
Start importing Assets/Scripts/BuildingsGrid.cs using Guid(cc0385d4fbe793447bb5cdf4594ddaef) Importer(815301076,1909f56bfc062723c751e8b465ee728b)  -> (artifact id: 'a6cb665a538a5609b5568101ceded596') in 0.003130 seconds 
  Import took 0.006412 seconds .

========================================================================
Received Import Request.
  Time since last request: 119.909061 seconds.
  path: Assets/Scripts/BuildingsGrid.cs
  artifactKey: Guid(cc0385d4fbe793447bb5cdf4594ddaef) Importer(815301076,1909f56bfc062723c751e8b465ee728b)
Start importing Assets/Scripts/BuildingsGrid.cs using Guid(cc0385d4fbe793447bb5cdf4594ddaef) Importer(815301076,1909f56bfc062723c751e8b465ee728b)  -> (artifact id: '4137b24e099e546bcb5d51cddabf8764') in 0.003750 seconds 
  Import took 0.009020 seconds .

========================================================================
Received Import Request.
  Time since last request: 22.962702 seconds.
  path: Assets/Scripts/BuildingsGrid.cs
  artifactKey: Guid(cc0385d4fbe793447bb5cdf4594ddaef) Importer(815301076,1909f56bfc062723c751e8b465ee728b)
Start importing Assets/Scripts/BuildingsGrid.cs using Guid(cc0385d4fbe793447bb5cdf4594ddaef) Importer(815301076,1909f56bfc062723c751e8b465ee728b)  -> (artifact id: 'f781caca87aff8454765ee8a71d6de2f') in 0.003376 seconds 
  Import took 0.007978 seconds .

========================================================================
Received Prepare
Registering precompiled user dll's ...
Registered in 0.006770 seconds.
Begin MonoManager ReloadAssembly
Native extension for WindowsStandalone target not found
Refreshing native plugins compatible for Editor in 0.62 ms, found 2 plugins.
Preloading 0 native plugins for Editor in 0.00 ms.
Mono: successfully reloaded assembly
- Completed reload, in  2.375 seconds
Domain Reload Profiling:
	ReloadAssembly (2376ms)
		BeginReloadAssembly (387ms)
			ExecutionOrderSort (0ms)
			DisableScriptedObjects (10ms)
			BackupInstance (0ms)
			ReleaseScriptingObjects (0ms)
			CreateAndSetChildDomain (73ms)
		EndReloadAssembly (1800ms)
			LoadAssemblies (313ms)
			RebuildTransferFunctionScriptingTraits (0ms)
			SetupTypeCache (585ms)
			ReleaseScriptCaches (1ms)
			RebuildScriptCaches (82ms)
			SetupLoadedEditorAssemblies (705ms)
				LogAssemblyErrors (0ms)
				InitializePlatformSupportModulesInManaged (12ms)
				SetLoadedEditorAssemblies (1ms)
				RefreshPlugins (1ms)
				BeforeProcessingInitializeOnLoad (201ms)
				ProcessInitializeOnLoadAttributes (401ms)
				ProcessInitializeOnLoadMethodAttributes (24ms)
				AfterProcessingInitializeOnLoad (65ms)
				EditorAssembliesLoaded (0ms)
			ExecutionOrderSort2 (0ms)
			AwakeInstancesAfterBackupRestoration (11ms)
Platform modules already initialized, skipping
Refreshing native plugins compatible for Editor in 0.64 ms, found 2 plugins.
Preloading 0 native plugins for Editor in 0.00 ms.
Unloading 1570 Unused Serialized files (Serialized files now loaded: 0)
System memory in use before: 148.3 MB.
System memory in use after: 148.4 MB.

Unloading 14 unused Assets to reduce memory usage. Loaded Objects now: 2034.
Total: 6.846400 ms (FindLiveObjects: 0.214700 ms CreateObjectMapping: 0.159000 ms MarkObjects: 6.443000 ms  DeleteObjects: 0.027600 ms)

AssetImportParameters requested are different than current active one (requested -> active):
  custom:framework-win-MediaFoundation: 216162199b28c13a410421893ffa2e32 -> 
  custom:video-decoder-ogg-theora: a1e56fd34408186e4bbccfd4996cb3dc -> 
  custom:container-muxer-webm: aa71ff27fc2769a1b78a27578f13a17b -> 
  custom:container-demuxer-webm: 4f35f7cbe854078d1ac9338744f61a02 -> 
  custom:container-demuxer-ogg: 62fdf1f143b41e24485cea50d1cbac27 -> 
  custom:video-encoder-webm-vp8: eb34c28f22e8b96e1ab97ce403110664 -> 
  custom:video-decoder-webm-vp8: 9c59270c3fd7afecdb556c50c9e8de78 -> 
  custom:audio-decoder-ogg-vorbis: bf7c407c2cedff20999df2af8eb42d56 -> 
  custom:audio-encoder-webm-vorbis: bf7c407c2cedff20999df2af8eb42d56 -> 
AssetImportWorkerClient::OnTransportError - code=2 error=End of file
